2025-03-31 16:07:08,622 - INFO - Se creó la subcarpeta del esquema: Z:\Analisis Urbantrips\Descarga\Hex_Procrear\Hex_Procrear - 2025-03-31_16-07-08
2025-03-31 16:07:08,647 - INFO - Se creó la carpeta: Z:\Analisis Urbantrips\Descarga\Hex_Procrear\Hex_Procrear - 2025-03-31_16-07-08\1 - Viajes Propios
2025-03-31 16:07:08,681 - INFO - Se creó la carpeta: Z:\Analisis Urbantrips\Descarga\Hex_Procrear\Hex_Procrear - 2025-03-31_16-07-08\2 - Viajes Alternativos
2025-03-31 16:07:08,698 - INFO - Se creó la subcarpeta: Z:\Analisis Urbantrips\Descarga\Hex_Procrear\Hex_Procrear - 2025-03-31_16-07-08\2 - Viajes Alternativos\a - Viajes del Corredor
2025-03-31 16:07:08,720 - INFO - Se creó la subsubcarpeta: Z:\Analisis Urbantrips\Descarga\Hex_Procrear\Hex_Procrear - 2025-03-31_16-07-08\2 - Viajes Alternativos\a - Viajes del Corredor\a - Linea mas utilizada por cantidad de etapas
2025-03-31 16:07:08,744 - INFO - Se creó la subsubcarpeta: Z:\Analisis Urbantrips\Descarga\Hex_Procrear\Hex_Procrear - 2025-03-31_16-07-08\2 - Viajes Alternativos\a - Viajes del Corredor\b - Combinacion de viaje mas utilizada
2025-03-31 16:07:08,775 - INFO - Se creó la subcarpeta: Z:\Analisis Urbantrips\Descarga\Hex_Procrear\Hex_Procrear - 2025-03-31_16-07-08\2 - Viajes Alternativos\b - Viajes Alternativos
2025-03-31 16:07:08,794 - INFO - Se creó la subsubcarpeta: Z:\Analisis Urbantrips\Descarga\Hex_Procrear\Hex_Procrear - 2025-03-31_16-07-08\2 - Viajes Alternativos\b - Viajes Alternativos\a - Linea mas utilizada por cantidad de etapas
2025-03-31 16:07:08,816 - INFO - Se creó la subsubcarpeta: Z:\Analisis Urbantrips\Descarga\Hex_Procrear\Hex_Procrear - 2025-03-31_16-07-08\2 - Viajes Alternativos\b - Viajes Alternativos\b - Combinacion de viaje mas utilizada
2025-03-31 16:07:08,831 - INFO - Se creó la subcarpeta: Z:\Analisis Urbantrips\Descarga\Hex_Procrear\Hex_Procrear - 2025-03-31_16-07-08\2 - Viajes Alternativos\c - Viajes Propios en el Corredor
2025-03-31 16:07:08,846 - INFO - Se creó la subsubcarpeta: Z:\Analisis Urbantrips\Descarga\Hex_Procrear\Hex_Procrear - 2025-03-31_16-07-08\2 - Viajes Alternativos\c - Viajes Propios en el Corredor\a - Linea mas utilizada por cantidad de etapas
2025-03-31 16:07:08,865 - INFO - Se creó la subsubcarpeta: Z:\Analisis Urbantrips\Descarga\Hex_Procrear\Hex_Procrear - 2025-03-31_16-07-08\2 - Viajes Alternativos\c - Viajes Propios en el Corredor\b - Combinacion de viaje mas utilizada
2025-03-31 16:07:08,898 - INFO - Se creó la carpeta: Z:\Analisis Urbantrips\Descarga\Hex_Procrear\Hex_Procrear - 2025-03-31_16-07-08\3 - Analisis de Zonas
2025-03-31 16:07:09,223 - INFO - Conexión exitosa con la base de datos.
2025-03-31 16:07:09,271 - INFO - Se obtuvieron 2 tablas del esquema 'Hex_Procrear.dbo'.
2025-03-31 16:07:09,275 - INFO - Iniciando la exportación de la tabla '_1_base_viajes' a las 2025-03-31_16-07-08...
2025-03-31 16:07:09,902 - INFO - Tabla '_1_base_viajes' exportada exitosamente a 'Z:\Analisis Urbantrips\Descarga\Hex_Procrear\Hex_Procrear - 2025-03-31_16-07-08\1 - Viajes Propios\_1_base_viajes.xlsx' a las 2025-03-31_16-07-08.
2025-03-31 16:07:09,903 - INFO - Iniciando la exportación de la tabla '_1_base_zonas_unicas_totales' a las 2025-03-31_16-07-08...
2025-03-31 16:07:10,192 - INFO - Tabla '_1_base_zonas_unicas_totales' exportada exitosamente a 'Z:\Analisis Urbantrips\Descarga\Hex_Procrear\Hex_Procrear - 2025-03-31_16-07-08\1 - Viajes Propios\_1_base_zonas_unicas_totales.xlsx' a las 2025-03-31_16-07-08.
2025-03-31 16:07:12,356 - INFO - HTTP Request: POST https://api.telegram.org/bot7806021838:AAGLwfGfiPp_Sl39kg-R-LbAKiLTMN8Z-jg/sendMessage "HTTP/1.1 200 OK"
2025-03-31 16:07:12,356 - INFO - Proceso de exportación completado para el esquema 'Hex_Procrear.dbo' a la hora 2025-03-31_16-07-08.
2025-03-31 16:16:23,669 - INFO - Se creó la subcarpeta del esquema: Z:\Analisis Urbantrips\Descarga\Hex_Procrear\Hex_Procrear - 2025-03-31_16-16-23
2025-03-31 16:16:23,691 - INFO - Se creó la carpeta: Z:\Analisis Urbantrips\Descarga\Hex_Procrear\Hex_Procrear - 2025-03-31_16-16-23\1 - Viajes Propios
2025-03-31 16:16:23,711 - INFO - Se creó la carpeta: Z:\Analisis Urbantrips\Descarga\Hex_Procrear\Hex_Procrear - 2025-03-31_16-16-23\2 - Viajes Alternativos
2025-03-31 16:16:23,732 - INFO - Se creó la subcarpeta: Z:\Analisis Urbantrips\Descarga\Hex_Procrear\Hex_Procrear - 2025-03-31_16-16-23\2 - Viajes Alternativos\a - Viajes del Corredor
2025-03-31 16:16:23,772 - INFO - Se creó la subsubcarpeta: Z:\Analisis Urbantrips\Descarga\Hex_Procrear\Hex_Procrear - 2025-03-31_16-16-23\2 - Viajes Alternativos\a - Viajes del Corredor\a - Linea mas utilizada por cantidad de etapas
2025-03-31 16:16:23,815 - INFO - Se creó la subsubcarpeta: Z:\Analisis Urbantrips\Descarga\Hex_Procrear\Hex_Procrear - 2025-03-31_16-16-23\2 - Viajes Alternativos\a - Viajes del Corredor\b - Combinacion de viaje mas utilizada
2025-03-31 16:16:23,860 - INFO - Se creó la subcarpeta: Z:\Analisis Urbantrips\Descarga\Hex_Procrear\Hex_Procrear - 2025-03-31_16-16-23\2 - Viajes Alternativos\b - Viajes Alternativos
2025-03-31 16:16:23,892 - INFO - Se creó la subsubcarpeta: Z:\Analisis Urbantrips\Descarga\Hex_Procrear\Hex_Procrear - 2025-03-31_16-16-23\2 - Viajes Alternativos\b - Viajes Alternativos\a - Linea mas utilizada por cantidad de etapas
2025-03-31 16:16:23,909 - INFO - Se creó la subsubcarpeta: Z:\Analisis Urbantrips\Descarga\Hex_Procrear\Hex_Procrear - 2025-03-31_16-16-23\2 - Viajes Alternativos\b - Viajes Alternativos\b - Combinacion de viaje mas utilizada
2025-03-31 16:16:23,936 - INFO - Se creó la subcarpeta: Z:\Analisis Urbantrips\Descarga\Hex_Procrear\Hex_Procrear - 2025-03-31_16-16-23\2 - Viajes Alternativos\c - Viajes Propios en el Corredor
2025-03-31 16:16:23,964 - INFO - Se creó la subsubcarpeta: Z:\Analisis Urbantrips\Descarga\Hex_Procrear\Hex_Procrear - 2025-03-31_16-16-23\2 - Viajes Alternativos\c - Viajes Propios en el Corredor\a - Linea mas utilizada por cantidad de etapas
2025-03-31 16:16:23,980 - INFO - Se creó la subsubcarpeta: Z:\Analisis Urbantrips\Descarga\Hex_Procrear\Hex_Procrear - 2025-03-31_16-16-23\2 - Viajes Alternativos\c - Viajes Propios en el Corredor\b - Combinacion de viaje mas utilizada
2025-03-31 16:16:23,994 - INFO - Se creó la carpeta: Z:\Analisis Urbantrips\Descarga\Hex_Procrear\Hex_Procrear - 2025-03-31_16-16-23\3 - Analisis de Zonas
2025-03-31 16:16:24,127 - INFO - Conexión exitosa con la base de datos.
2025-03-31 16:16:24,137 - INFO - Se obtuvieron 2 tablas del esquema 'Hex_Procrear.dbo'.
2025-03-31 16:16:24,137 - INFO - Iniciando la exportación de la tabla '_1_base_viajes' a las 2025-03-31_16-16-23...
2025-03-31 16:16:24,860 - INFO - Tabla '_1_base_viajes' exportada exitosamente a 'Z:\Analisis Urbantrips\Descarga\Hex_Procrear\Hex_Procrear - 2025-03-31_16-16-23\1 - Viajes Propios\_1_base_viajes.xlsx' a las 2025-03-31_16-16-23.
2025-03-31 16:16:24,861 - INFO - Iniciando la exportación de la tabla '_1_base_zonas_unicas_totales' a las 2025-03-31_16-16-23...
2025-03-31 16:16:25,357 - INFO - Tabla '_1_base_zonas_unicas_totales' exportada exitosamente a 'Z:\Analisis Urbantrips\Descarga\Hex_Procrear\Hex_Procrear - 2025-03-31_16-16-23\1 - Viajes Propios\_1_base_zonas_unicas_totales.xlsx' a las 2025-03-31_16-16-23.
2025-03-31 16:16:27,292 - INFO - HTTP Request: POST https://api.telegram.org/bot7806021838:AAGLwfGfiPp_Sl39kg-R-LbAKiLTMN8Z-jg/sendMessage "HTTP/1.1 200 OK"
2025-03-31 16:16:27,292 - INFO - Proceso de exportación completado para el esquema 'Hex_Procrear.dbo' a la hora 2025-03-31_16-16-23.
2025-03-31 17:00:47,621 - INFO - Se creó la subcarpeta del esquema: Z:\Analisis Urbantrips\Descarga\Hex_Procrear\Hex_Procrear - 2025-03-31_17-00-47
2025-03-31 17:00:47,633 - INFO - Se creó la carpeta: Z:\Analisis Urbantrips\Descarga\Hex_Procrear\Hex_Procrear - 2025-03-31_17-00-47\1 - Viajes Propios
2025-03-31 17:00:47,645 - INFO - Se creó la carpeta: Z:\Analisis Urbantrips\Descarga\Hex_Procrear\Hex_Procrear - 2025-03-31_17-00-47\2 - Viajes Alternativos
2025-03-31 17:00:47,671 - INFO - Se creó la subcarpeta: Z:\Analisis Urbantrips\Descarga\Hex_Procrear\Hex_Procrear - 2025-03-31_17-00-47\2 - Viajes Alternativos\a - Viajes del Corredor
2025-03-31 17:00:47,691 - INFO - Se creó la subsubcarpeta: Z:\Analisis Urbantrips\Descarga\Hex_Procrear\Hex_Procrear - 2025-03-31_17-00-47\2 - Viajes Alternativos\a - Viajes del Corredor\a - Linea mas utilizada por cantidad de etapas
2025-03-31 17:00:47,727 - INFO - Se creó la subsubcarpeta: Z:\Analisis Urbantrips\Descarga\Hex_Procrear\Hex_Procrear - 2025-03-31_17-00-47\2 - Viajes Alternativos\a - Viajes del Corredor\b - Combinacion de viaje mas utilizada
2025-03-31 17:00:47,748 - INFO - Se creó la subcarpeta: Z:\Analisis Urbantrips\Descarga\Hex_Procrear\Hex_Procrear - 2025-03-31_17-00-47\2 - Viajes Alternativos\b - Viajes Alternativos
2025-03-31 17:00:47,770 - INFO - Se creó la subsubcarpeta: Z:\Analisis Urbantrips\Descarga\Hex_Procrear\Hex_Procrear - 2025-03-31_17-00-47\2 - Viajes Alternativos\b - Viajes Alternativos\a - Linea mas utilizada por cantidad de etapas
2025-03-31 17:00:47,792 - INFO - Se creó la subsubcarpeta: Z:\Analisis Urbantrips\Descarga\Hex_Procrear\Hex_Procrear - 2025-03-31_17-00-47\2 - Viajes Alternativos\b - Viajes Alternativos\b - Combinacion de viaje mas utilizada
2025-03-31 17:00:47,823 - INFO - Se creó la subcarpeta: Z:\Analisis Urbantrips\Descarga\Hex_Procrear\Hex_Procrear - 2025-03-31_17-00-47\2 - Viajes Alternativos\c - Viajes Propios en el Corredor
2025-03-31 17:00:47,842 - INFO - Se creó la subsubcarpeta: Z:\Analisis Urbantrips\Descarga\Hex_Procrear\Hex_Procrear - 2025-03-31_17-00-47\2 - Viajes Alternativos\c - Viajes Propios en el Corredor\a - Linea mas utilizada por cantidad de etapas
2025-03-31 17:00:47,862 - INFO - Se creó la subsubcarpeta: Z:\Analisis Urbantrips\Descarga\Hex_Procrear\Hex_Procrear - 2025-03-31_17-00-47\2 - Viajes Alternativos\c - Viajes Propios en el Corredor\b - Combinacion de viaje mas utilizada
2025-03-31 17:00:47,889 - INFO - Se creó la carpeta: Z:\Analisis Urbantrips\Descarga\Hex_Procrear\Hex_Procrear - 2025-03-31_17-00-47\3 - Analisis de Zonas
2025-03-31 17:00:48,022 - INFO - Conexión exitosa con la base de datos.
2025-03-31 17:00:48,039 - INFO - Se obtuvieron 15 tablas del esquema 'Hex_Procrear.dbo'.
2025-03-31 17:00:48,040 - INFO - Iniciando la exportación de la tabla '_1_base_viajes' a las 2025-03-31_17-00-47...
2025-03-31 17:00:48,355 - INFO - Tabla '_1_base_viajes' exportada exitosamente a 'Z:\Analisis Urbantrips\Descarga\Hex_Procrear\Hex_Procrear - 2025-03-31_17-00-47\1 - Viajes Propios\_1_base_viajes.xlsx' a las 2025-03-31_17-00-47.
2025-03-31 17:00:48,355 - INFO - Iniciando la exportación de la tabla '_1_base_zonas_unicas_totales' a las 2025-03-31_17-00-47...
2025-03-31 17:00:48,571 - INFO - Tabla '_1_base_zonas_unicas_totales' exportada exitosamente a 'Z:\Analisis Urbantrips\Descarga\Hex_Procrear\Hex_Procrear - 2025-03-31_17-00-47\1 - Viajes Propios\_1_base_zonas_unicas_totales.xlsx' a las 2025-03-31_17-00-47.
2025-03-31 17:00:48,571 - INFO - Iniciando la exportación de la tabla '_2_3_agrupado_corredor_distancia' a las 2025-03-31_17-00-47...
2025-03-31 17:00:48,870 - INFO - Tabla '_2_3_agrupado_corredor_distancia' exportada exitosamente a 'Z:\Analisis Urbantrips\Descarga\Hex_Procrear\Hex_Procrear - 2025-03-31_17-00-47\2 - Viajes Alternativos\a - Viajes del Corredor\_2_3_agrupado_corredor_distancia.xlsx' a las 2025-03-31_17-00-47.
2025-03-31 17:00:48,870 - INFO - Iniciando la exportación de la tabla '_2_3_agrupado_corredor_hora' a las 2025-03-31_17-00-47...
2025-03-31 17:00:49,137 - INFO - Tabla '_2_3_agrupado_corredor_hora' exportada exitosamente a 'Z:\Analisis Urbantrips\Descarga\Hex_Procrear\Hex_Procrear - 2025-03-31_17-00-47\2 - Viajes Alternativos\a - Viajes del Corredor\_2_3_agrupado_corredor_hora.xlsx' a las 2025-03-31_17-00-47.
2025-03-31 17:00:49,137 - INFO - Iniciando la exportación de la tabla '_2_3_agrupado_corredor_ParOD' a las 2025-03-31_17-00-47...
2025-03-31 17:00:49,450 - INFO - Tabla '_2_3_agrupado_corredor_ParOD' exportada exitosamente a 'Z:\Analisis Urbantrips\Descarga\Hex_Procrear\Hex_Procrear - 2025-03-31_17-00-47\2 - Viajes Alternativos\a - Viajes del Corredor\_2_3_agrupado_corredor_ParOD.xlsx' a las 2025-03-31_17-00-47.
2025-03-31 17:00:49,451 - INFO - Iniciando la exportación de la tabla '_2_3_agrupado_corredor_ParOD_horario' a las 2025-03-31_17-00-47...
2025-03-31 17:00:49,775 - INFO - Tabla '_2_3_agrupado_corredor_ParOD_horario' exportada exitosamente a 'Z:\Analisis Urbantrips\Descarga\Hex_Procrear\Hex_Procrear - 2025-03-31_17-00-47\2 - Viajes Alternativos\a - Viajes del Corredor\_2_3_agrupado_corredor_ParOD_horario.xlsx' a las 2025-03-31_17-00-47.
2025-03-31 17:00:49,775 - INFO - Iniciando la exportación de la tabla '_2_3_agrupado_corredor_Pico_Horario' a las 2025-03-31_17-00-47...
2025-03-31 17:00:50,026 - INFO - Tabla '_2_3_agrupado_corredor_Pico_Horario' exportada exitosamente a 'Z:\Analisis Urbantrips\Descarga\Hex_Procrear\Hex_Procrear - 2025-03-31_17-00-47\2 - Viajes Alternativos\a - Viajes del Corredor\_2_3_agrupado_corredor_Pico_Horario.xlsx' a las 2025-03-31_17-00-47.
2025-03-31 17:00:50,026 - INFO - Iniciando la exportación de la tabla '_2_3_distribucion_corredor_distancia_ModoMultiModal_Combinacion_distancia_horario' a las 2025-03-31_17-00-47...
2025-03-31 17:00:50,690 - INFO - Tabla '_2_3_distribucion_corredor_distancia_ModoMultiModal_Combinacion_distancia_horario' exportada exitosamente a 'Z:\Analisis Urbantrips\Descarga\Hex_Procrear\Hex_Procrear - 2025-03-31_17-00-47\2 - Viajes Alternativos\a - Viajes del Corredor\_2_3_distribucion_corredor_distancia_ModoMultiModal_Combinacion_distancia_horario.xlsx' a las 2025-03-31_17-00-47.
2025-03-31 17:00:50,691 - INFO - Iniciando la exportación de la tabla '_2_3_distribucion_corredor_distancia_ModoMultiModal_Combinacion_horario' a las 2025-03-31_17-00-47...
2025-03-31 17:00:50,964 - INFO - Tabla '_2_3_distribucion_corredor_distancia_ModoMultiModal_Combinacion_horario' exportada exitosamente a 'Z:\Analisis Urbantrips\Descarga\Hex_Procrear\Hex_Procrear - 2025-03-31_17-00-47\2 - Viajes Alternativos\a - Viajes del Corredor\_2_3_distribucion_corredor_distancia_ModoMultiModal_Combinacion_horario.xlsx' a las 2025-03-31_17-00-47.
2025-03-31 17:00:50,964 - INFO - Iniciando la exportación de la tabla '_2_3_distribucion_corredor_distancia_MultiModal' a las 2025-03-31_17-00-47...
2025-03-31 17:00:51,219 - INFO - Tabla '_2_3_distribucion_corredor_distancia_MultiModal' exportada exitosamente a 'Z:\Analisis Urbantrips\Descarga\Hex_Procrear\Hex_Procrear - 2025-03-31_17-00-47\2 - Viajes Alternativos\a - Viajes del Corredor\_2_3_distribucion_corredor_distancia_MultiModal.xlsx' a las 2025-03-31_17-00-47.
2025-03-31 17:00:51,220 - INFO - Iniciando la exportación de la tabla '_2_3_distribucion_corredor_horario_distancia' a las 2025-03-31_17-00-47...
2025-03-31 17:00:51,481 - INFO - Tabla '_2_3_distribucion_corredor_horario_distancia' exportada exitosamente a 'Z:\Analisis Urbantrips\Descarga\Hex_Procrear\Hex_Procrear - 2025-03-31_17-00-47\2 - Viajes Alternativos\a - Viajes del Corredor\_2_3_distribucion_corredor_horario_distancia.xlsx' a las 2025-03-31_17-00-47.
2025-03-31 17:00:51,481 - INFO - Iniciando la exportación de la tabla '_2_3_distribucion_corredor_horario_ModoCombinacion' a las 2025-03-31_17-00-47...
2025-03-31 17:00:51,742 - INFO - Tabla '_2_3_distribucion_corredor_horario_ModoCombinacion' exportada exitosamente a 'Z:\Analisis Urbantrips\Descarga\Hex_Procrear\Hex_Procrear - 2025-03-31_17-00-47\2 - Viajes Alternativos\a - Viajes del Corredor\_2_3_distribucion_corredor_horario_ModoCombinacion.xlsx' a las 2025-03-31_17-00-47.
2025-03-31 17:00:51,742 - INFO - Iniciando la exportación de la tabla '_2_3_distribucion_corredor_MultiModal_ModoCombinacion' a las 2025-03-31_17-00-47...
2025-03-31 17:00:52,010 - INFO - Tabla '_2_3_distribucion_corredor_MultiModal_ModoCombinacion' exportada exitosamente a 'Z:\Analisis Urbantrips\Descarga\Hex_Procrear\Hex_Procrear - 2025-03-31_17-00-47\2 - Viajes Alternativos\a - Viajes del Corredor\_2_3_distribucion_corredor_MultiModal_ModoCombinacion.xlsx' a las 2025-03-31_17-00-47.
2025-03-31 17:00:52,010 - INFO - Iniciando la exportación de la tabla '_2_base_combinaciones_por_linea_porParOD' a las 2025-03-31_17-00-47...
2025-03-31 17:00:52,278 - INFO - Tabla '_2_base_combinaciones_por_linea_porParOD' exportada exitosamente a 'Z:\Analisis Urbantrips\Descarga\Hex_Procrear\Hex_Procrear - 2025-03-31_17-00-47\_2_base_combinaciones_por_linea_porParOD.xlsx' a las 2025-03-31_17-00-47.
2025-03-31 17:00:52,278 - INFO - Iniciando la exportación de la tabla '_2_base_etapas_por_linea_por_ParOD' a las 2025-03-31_17-00-47...
2025-03-31 17:00:52,545 - INFO - Tabla '_2_base_etapas_por_linea_por_ParOD' exportada exitosamente a 'Z:\Analisis Urbantrips\Descarga\Hex_Procrear\Hex_Procrear - 2025-03-31_17-00-47\_2_base_etapas_por_linea_por_ParOD.xlsx' a las 2025-03-31_17-00-47.
2025-03-31 17:00:54,136 - INFO - HTTP Request: POST https://api.telegram.org/bot7806021838:AAGLwfGfiPp_Sl39kg-R-LbAKiLTMN8Z-jg/sendMessage "HTTP/1.1 200 OK"
2025-03-31 17:00:54,137 - INFO - Proceso de exportación completado para el esquema 'Hex_Procrear.dbo' a la hora 2025-03-31_17-00-47.
2025-04-01 13:00:34,367 - INFO - Se creó la subcarpeta del esquema: Z:\Analisis Urbantrips\Descarga\Hex_Procrear\Hex_Procrear - 2025-04-01_13-00-34
2025-04-01 13:00:34,382 - INFO - Se creó la carpeta: Z:\Analisis Urbantrips\Descarga\Hex_Procrear\Hex_Procrear - 2025-04-01_13-00-34\1 - Viajes Propios
2025-04-01 13:00:34,391 - INFO - Se creó la carpeta: Z:\Analisis Urbantrips\Descarga\Hex_Procrear\Hex_Procrear - 2025-04-01_13-00-34\2 - Viajes Alternativos
2025-04-01 13:00:34,407 - INFO - Se creó la subcarpeta: Z:\Analisis Urbantrips\Descarga\Hex_Procrear\Hex_Procrear - 2025-04-01_13-00-34\2 - Viajes Alternativos\a - Viajes del Corredor
2025-04-01 13:00:34,420 - INFO - Se creó la subsubcarpeta: Z:\Analisis Urbantrips\Descarga\Hex_Procrear\Hex_Procrear - 2025-04-01_13-00-34\2 - Viajes Alternativos\a - Viajes del Corredor\a - Linea mas utilizada por cantidad de etapas
2025-04-01 13:00:34,433 - INFO - Se creó la subsubcarpeta: Z:\Analisis Urbantrips\Descarga\Hex_Procrear\Hex_Procrear - 2025-04-01_13-00-34\2 - Viajes Alternativos\a - Viajes del Corredor\b - Combinacion de viaje mas utilizada
2025-04-01 13:00:34,461 - INFO - Se creó la subcarpeta: Z:\Analisis Urbantrips\Descarga\Hex_Procrear\Hex_Procrear - 2025-04-01_13-00-34\2 - Viajes Alternativos\b - Viajes Alternativos
2025-04-01 13:00:34,478 - INFO - Se creó la subsubcarpeta: Z:\Analisis Urbantrips\Descarga\Hex_Procrear\Hex_Procrear - 2025-04-01_13-00-34\2 - Viajes Alternativos\b - Viajes Alternativos\a - Linea mas utilizada por cantidad de etapas
2025-04-01 13:00:34,492 - INFO - Se creó la subsubcarpeta: Z:\Analisis Urbantrips\Descarga\Hex_Procrear\Hex_Procrear - 2025-04-01_13-00-34\2 - Viajes Alternativos\b - Viajes Alternativos\b - Combinacion de viaje mas utilizada
2025-04-01 13:00:34,504 - INFO - Se creó la subcarpeta: Z:\Analisis Urbantrips\Descarga\Hex_Procrear\Hex_Procrear - 2025-04-01_13-00-34\2 - Viajes Alternativos\c - Viajes Propios en el Corredor
2025-04-01 13:00:34,514 - INFO - Se creó la subsubcarpeta: Z:\Analisis Urbantrips\Descarga\Hex_Procrear\Hex_Procrear - 2025-04-01_13-00-34\2 - Viajes Alternativos\c - Viajes Propios en el Corredor\a - Linea mas utilizada por cantidad de etapas
2025-04-01 13:00:34,526 - INFO - Se creó la subsubcarpeta: Z:\Analisis Urbantrips\Descarga\Hex_Procrear\Hex_Procrear - 2025-04-01_13-00-34\2 - Viajes Alternativos\c - Viajes Propios en el Corredor\b - Combinacion de viaje mas utilizada
2025-04-01 13:00:34,539 - INFO - Se creó la carpeta: Z:\Analisis Urbantrips\Descarga\Hex_Procrear\Hex_Procrear - 2025-04-01_13-00-34\3 - Analisis de Zonas
2025-04-01 13:00:34,738 - INFO - Conexión exitosa con la base de datos.
2025-04-01 13:00:34,794 - INFO - Se obtuvieron 25 tablas del esquema 'Hex_Procrear.dbo'.
2025-04-01 13:00:34,795 - INFO - Iniciando la exportación de la tabla '_1_base_viajes' a las 2025-04-01_13-00-34...
2025-04-01 13:00:36,507 - INFO - Tabla '_1_base_viajes' exportada exitosamente a 'Z:\Analisis Urbantrips\Descarga\Hex_Procrear\Hex_Procrear - 2025-04-01_13-00-34\1 - Viajes Propios\_1_base_viajes.xlsx' a las 2025-04-01_13-00-34.
2025-04-01 13:00:36,507 - INFO - Iniciando la exportación de la tabla '_1_base_zonas_unicas_totales' a las 2025-04-01_13-00-34...
2025-04-01 13:00:36,772 - INFO - Tabla '_1_base_zonas_unicas_totales' exportada exitosamente a 'Z:\Analisis Urbantrips\Descarga\Hex_Procrear\Hex_Procrear - 2025-04-01_13-00-34\1 - Viajes Propios\_1_base_zonas_unicas_totales.xlsx' a las 2025-04-01_13-00-34.
2025-04-01 13:00:36,772 - INFO - Iniciando la exportación de la tabla '_2_3_1_combinacion_corredor_mas_utilizadas_porParOD' a las 2025-04-01_13-00-34...
2025-04-01 13:00:37,539 - INFO - Tabla '_2_3_1_combinacion_corredor_mas_utilizadas_porParOD' exportada exitosamente a 'Z:\Analisis Urbantrips\Descarga\Hex_Procrear\Hex_Procrear - 2025-04-01_13-00-34\2 - Viajes Alternativos\a - Viajes del Corredor\b - Combinacion de viaje mas utilizada\_2_3_1_combinacion_corredor_mas_utilizadas_porParOD.xlsx' a las 2025-04-01_13-00-34.
2025-04-01 13:00:37,540 - INFO - Iniciando la exportación de la tabla '_2_3_1_combinacion_corredor_utilizadas_Distancia' a las 2025-04-01_13-00-34...
2025-04-01 13:00:37,798 - INFO - Tabla '_2_3_1_combinacion_corredor_utilizadas_Distancia' exportada exitosamente a 'Z:\Analisis Urbantrips\Descarga\Hex_Procrear\Hex_Procrear - 2025-04-01_13-00-34\2 - Viajes Alternativos\a - Viajes del Corredor\b - Combinacion de viaje mas utilizada\_2_3_1_combinacion_corredor_utilizadas_Distancia.xlsx' a las 2025-04-01_13-00-34.
2025-04-01 13:00:37,798 - INFO - Iniciando la exportación de la tabla '_2_3_1_combinacion_corredor_utilizadas_Distancia_Modo' a las 2025-04-01_13-00-34...
2025-04-01 13:00:38,077 - INFO - Tabla '_2_3_1_combinacion_corredor_utilizadas_Distancia_Modo' exportada exitosamente a 'Z:\Analisis Urbantrips\Descarga\Hex_Procrear\Hex_Procrear - 2025-04-01_13-00-34\2 - Viajes Alternativos\a - Viajes del Corredor\b - Combinacion de viaje mas utilizada\_2_3_1_combinacion_corredor_utilizadas_Distancia_Modo.xlsx' a las 2025-04-01_13-00-34.
2025-04-01 13:00:38,077 - INFO - Iniciando la exportación de la tabla '_2_3_1_combinacion_corredor_utilizadas_Distancia_Modo_Horario' a las 2025-04-01_13-00-34...
2025-04-01 13:00:38,501 - INFO - Tabla '_2_3_1_combinacion_corredor_utilizadas_Distancia_Modo_Horario' exportada exitosamente a 'Z:\Analisis Urbantrips\Descarga\Hex_Procrear\Hex_Procrear - 2025-04-01_13-00-34\2 - Viajes Alternativos\a - Viajes del Corredor\b - Combinacion de viaje mas utilizada\_2_3_1_combinacion_corredor_utilizadas_Distancia_Modo_Horario.xlsx' a las 2025-04-01_13-00-34.
2025-04-01 13:00:38,501 - INFO - Iniciando la exportación de la tabla '_2_3_1_combinacion_corredor_utilizadas_horario' a las 2025-04-01_13-00-34...
2025-04-01 13:00:38,764 - INFO - Tabla '_2_3_1_combinacion_corredor_utilizadas_horario' exportada exitosamente a 'Z:\Analisis Urbantrips\Descarga\Hex_Procrear\Hex_Procrear - 2025-04-01_13-00-34\2 - Viajes Alternativos\a - Viajes del Corredor\b - Combinacion de viaje mas utilizada\_2_3_1_combinacion_corredor_utilizadas_horario.xlsx' a las 2025-04-01_13-00-34.
2025-04-01 13:00:38,764 - INFO - Iniciando la exportación de la tabla '_2_3_1_combinacion_corredor_utilizadas_ModoMultimodal' a las 2025-04-01_13-00-34...
2025-04-01 13:00:39,068 - INFO - Tabla '_2_3_1_combinacion_corredor_utilizadas_ModoMultimodal' exportada exitosamente a 'Z:\Analisis Urbantrips\Descarga\Hex_Procrear\Hex_Procrear - 2025-04-01_13-00-34\2 - Viajes Alternativos\a - Viajes del Corredor\b - Combinacion de viaje mas utilizada\_2_3_1_combinacion_corredor_utilizadas_ModoMultimodal.xlsx' a las 2025-04-01_13-00-34.
2025-04-01 13:00:39,068 - INFO - Iniciando la exportación de la tabla '_2_3_1_combinacion_corredor_utilizadas_ParOD_Horario' a las 2025-04-01_13-00-34...
2025-04-01 13:00:39,893 - INFO - Tabla '_2_3_1_combinacion_corredor_utilizadas_ParOD_Horario' exportada exitosamente a 'Z:\Analisis Urbantrips\Descarga\Hex_Procrear\Hex_Procrear - 2025-04-01_13-00-34\2 - Viajes Alternativos\a - Viajes del Corredor\b - Combinacion de viaje mas utilizada\_2_3_1_combinacion_corredor_utilizadas_ParOD_Horario.xlsx' a las 2025-04-01_13-00-34.
2025-04-01 13:00:39,893 - INFO - Iniciando la exportación de la tabla '_2_3_1_combinacion_corredor_utilizadas_ParOD_Modo' a las 2025-04-01_13-00-34...
2025-04-01 13:00:40,618 - INFO - Tabla '_2_3_1_combinacion_corredor_utilizadas_ParOD_Modo' exportada exitosamente a 'Z:\Analisis Urbantrips\Descarga\Hex_Procrear\Hex_Procrear - 2025-04-01_13-00-34\2 - Viajes Alternativos\a - Viajes del Corredor\b - Combinacion de viaje mas utilizada\_2_3_1_combinacion_corredor_utilizadas_ParOD_Modo.xlsx' a las 2025-04-01_13-00-34.
2025-04-01 13:00:40,619 - INFO - Iniciando la exportación de la tabla '_2_3_1_combinacion_corredor_utilizadas_ParOD_Modo_Distancia' a las 2025-04-01_13-00-34...
2025-04-01 13:00:41,362 - INFO - Tabla '_2_3_1_combinacion_corredor_utilizadas_ParOD_Modo_Distancia' exportada exitosamente a 'Z:\Analisis Urbantrips\Descarga\Hex_Procrear\Hex_Procrear - 2025-04-01_13-00-34\2 - Viajes Alternativos\a - Viajes del Corredor\b - Combinacion de viaje mas utilizada\_2_3_1_combinacion_corredor_utilizadas_ParOD_Modo_Distancia.xlsx' a las 2025-04-01_13-00-34.
2025-04-01 13:00:41,363 - INFO - Iniciando la exportación de la tabla '_2_3_1_combinacion_corredor_utilizadas_ParOD_Modo_Distancia_horario' a las 2025-04-01_13-00-34...
2025-04-01 13:00:42,213 - INFO - Tabla '_2_3_1_combinacion_corredor_utilizadas_ParOD_Modo_Distancia_horario' exportada exitosamente a 'Z:\Analisis Urbantrips\Descarga\Hex_Procrear\Hex_Procrear - 2025-04-01_13-00-34\2 - Viajes Alternativos\a - Viajes del Corredor\b - Combinacion de viaje mas utilizada\_2_3_1_combinacion_corredor_utilizadas_ParOD_Modo_Distancia_horario.xlsx' a las 2025-04-01_13-00-34.
2025-04-01 13:00:42,214 - INFO - Iniciando la exportación de la tabla '_2_3_agrupado_corredor_distancia' a las 2025-04-01_13-00-34...
2025-04-01 13:00:42,424 - INFO - Tabla '_2_3_agrupado_corredor_distancia' exportada exitosamente a 'Z:\Analisis Urbantrips\Descarga\Hex_Procrear\Hex_Procrear - 2025-04-01_13-00-34\2 - Viajes Alternativos\a - Viajes del Corredor\_2_3_agrupado_corredor_distancia.xlsx' a las 2025-04-01_13-00-34.
2025-04-01 13:00:42,424 - INFO - Iniciando la exportación de la tabla '_2_3_agrupado_corredor_hora' a las 2025-04-01_13-00-34...
2025-04-01 13:00:42,601 - INFO - Tabla '_2_3_agrupado_corredor_hora' exportada exitosamente a 'Z:\Analisis Urbantrips\Descarga\Hex_Procrear\Hex_Procrear - 2025-04-01_13-00-34\2 - Viajes Alternativos\a - Viajes del Corredor\_2_3_agrupado_corredor_hora.xlsx' a las 2025-04-01_13-00-34.
2025-04-01 13:00:42,601 - INFO - Iniciando la exportación de la tabla '_2_3_agrupado_corredor_ParOD' a las 2025-04-01_13-00-34...
2025-04-01 13:00:43,688 - INFO - Tabla '_2_3_agrupado_corredor_ParOD' exportada exitosamente a 'Z:\Analisis Urbantrips\Descarga\Hex_Procrear\Hex_Procrear - 2025-04-01_13-00-34\2 - Viajes Alternativos\a - Viajes del Corredor\_2_3_agrupado_corredor_ParOD.xlsx' a las 2025-04-01_13-00-34.
2025-04-01 13:00:43,688 - INFO - Iniciando la exportación de la tabla '_2_3_agrupado_corredor_ParOD_horario' a las 2025-04-01_13-00-34...
2025-04-01 13:00:44,925 - INFO - Tabla '_2_3_agrupado_corredor_ParOD_horario' exportada exitosamente a 'Z:\Analisis Urbantrips\Descarga\Hex_Procrear\Hex_Procrear - 2025-04-01_13-00-34\2 - Viajes Alternativos\a - Viajes del Corredor\_2_3_agrupado_corredor_ParOD_horario.xlsx' a las 2025-04-01_13-00-34.
2025-04-01 13:00:44,925 - INFO - Iniciando la exportación de la tabla '_2_3_agrupado_corredor_Pico_Horario' a las 2025-04-01_13-00-34...
2025-04-01 13:00:45,149 - INFO - Tabla '_2_3_agrupado_corredor_Pico_Horario' exportada exitosamente a 'Z:\Analisis Urbantrips\Descarga\Hex_Procrear\Hex_Procrear - 2025-04-01_13-00-34\2 - Viajes Alternativos\a - Viajes del Corredor\_2_3_agrupado_corredor_Pico_Horario.xlsx' a las 2025-04-01_13-00-34.
2025-04-01 13:00:45,165 - INFO - Iniciando la exportación de la tabla '_2_3_distribucion_corredor_distancia_ModoMultiModal_Combinacion_distancia_horario' a las 2025-04-01_13-00-34...
2025-04-01 13:00:45,409 - INFO - Tabla '_2_3_distribucion_corredor_distancia_ModoMultiModal_Combinacion_distancia_horario' exportada exitosamente a 'Z:\Analisis Urbantrips\Descarga\Hex_Procrear\Hex_Procrear - 2025-04-01_13-00-34\2 - Viajes Alternativos\a - Viajes del Corredor\_2_3_distribucion_corredor_distancia_ModoMultiModal_Combinacion_distancia_horario.xlsx' a las 2025-04-01_13-00-34.
2025-04-01 13:00:45,410 - INFO - Iniciando la exportación de la tabla '_2_3_distribucion_corredor_distancia_ModoMultiModal_Combinacion_horario' a las 2025-04-01_13-00-34...
2025-04-01 13:00:45,604 - INFO - Tabla '_2_3_distribucion_corredor_distancia_ModoMultiModal_Combinacion_horario' exportada exitosamente a 'Z:\Analisis Urbantrips\Descarga\Hex_Procrear\Hex_Procrear - 2025-04-01_13-00-34\2 - Viajes Alternativos\a - Viajes del Corredor\_2_3_distribucion_corredor_distancia_ModoMultiModal_Combinacion_horario.xlsx' a las 2025-04-01_13-00-34.
2025-04-01 13:00:45,604 - INFO - Iniciando la exportación de la tabla '_2_3_distribucion_corredor_distancia_MultiModal' a las 2025-04-01_13-00-34...
2025-04-01 13:00:45,806 - INFO - Tabla '_2_3_distribucion_corredor_distancia_MultiModal' exportada exitosamente a 'Z:\Analisis Urbantrips\Descarga\Hex_Procrear\Hex_Procrear - 2025-04-01_13-00-34\2 - Viajes Alternativos\a - Viajes del Corredor\_2_3_distribucion_corredor_distancia_MultiModal.xlsx' a las 2025-04-01_13-00-34.
2025-04-01 13:00:45,806 - INFO - Iniciando la exportación de la tabla '_2_3_distribucion_corredor_horario_distancia' a las 2025-04-01_13-00-34...
2025-04-01 13:00:46,009 - INFO - Tabla '_2_3_distribucion_corredor_horario_distancia' exportada exitosamente a 'Z:\Analisis Urbantrips\Descarga\Hex_Procrear\Hex_Procrear - 2025-04-01_13-00-34\2 - Viajes Alternativos\a - Viajes del Corredor\_2_3_distribucion_corredor_horario_distancia.xlsx' a las 2025-04-01_13-00-34.
2025-04-01 13:00:46,009 - INFO - Iniciando la exportación de la tabla '_2_3_distribucion_corredor_horario_ModoCombinacion' a las 2025-04-01_13-00-34...
2025-04-01 13:00:46,226 - INFO - Tabla '_2_3_distribucion_corredor_horario_ModoCombinacion' exportada exitosamente a 'Z:\Analisis Urbantrips\Descarga\Hex_Procrear\Hex_Procrear - 2025-04-01_13-00-34\2 - Viajes Alternativos\a - Viajes del Corredor\_2_3_distribucion_corredor_horario_ModoCombinacion.xlsx' a las 2025-04-01_13-00-34.
2025-04-01 13:00:46,226 - INFO - Iniciando la exportación de la tabla '_2_3_distribucion_corredor_MultiModal_ModoCombinacion' a las 2025-04-01_13-00-34...
2025-04-01 13:00:46,424 - INFO - Tabla '_2_3_distribucion_corredor_MultiModal_ModoCombinacion' exportada exitosamente a 'Z:\Analisis Urbantrips\Descarga\Hex_Procrear\Hex_Procrear - 2025-04-01_13-00-34\2 - Viajes Alternativos\a - Viajes del Corredor\_2_3_distribucion_corredor_MultiModal_ModoCombinacion.xlsx' a las 2025-04-01_13-00-34.
2025-04-01 13:00:46,424 - INFO - Iniciando la exportación de la tabla '_2_base_combinaciones_por_linea_porParOD' a las 2025-04-01_13-00-34...
2025-04-01 13:00:47,251 - INFO - Tabla '_2_base_combinaciones_por_linea_porParOD' exportada exitosamente a 'Z:\Analisis Urbantrips\Descarga\Hex_Procrear\Hex_Procrear - 2025-04-01_13-00-34\_2_base_combinaciones_por_linea_porParOD.xlsx' a las 2025-04-01_13-00-34.
2025-04-01 13:00:47,251 - INFO - Iniciando la exportación de la tabla '_2_base_etapas_por_linea_por_ParOD' a las 2025-04-01_13-00-34...
2025-04-01 13:00:48,338 - INFO - Tabla '_2_base_etapas_por_linea_por_ParOD' exportada exitosamente a 'Z:\Analisis Urbantrips\Descarga\Hex_Procrear\Hex_Procrear - 2025-04-01_13-00-34\_2_base_etapas_por_linea_por_ParOD.xlsx' a las 2025-04-01_13-00-34.
2025-04-01 13:00:49,402 - INFO - HTTP Request: POST https://api.telegram.org/bot7806021838:AAGLwfGfiPp_Sl39kg-R-LbAKiLTMN8Z-jg/sendMessage "HTTP/1.1 200 OK"
2025-04-01 13:00:49,417 - INFO - Proceso de exportación completado para el esquema 'Hex_Procrear.dbo' a la hora 2025-04-01_13-00-34.
2025-04-01 13:13:50,794 - INFO - Se creó la subcarpeta del esquema: Z:\Analisis Urbantrips\Descarga\Hex_Procrear\Hex_Procrear - 2025-04-01_13-13-50
2025-04-01 13:13:50,794 - INFO - Se creó la carpeta: Z:\Analisis Urbantrips\Descarga\Hex_Procrear\Hex_Procrear - 2025-04-01_13-13-50\1 - Viajes Propios
2025-04-01 13:13:50,832 - INFO - Se creó la carpeta: Z:\Analisis Urbantrips\Descarga\Hex_Procrear\Hex_Procrear - 2025-04-01_13-13-50\2 - Viajes Alternativos
2025-04-01 13:13:50,844 - INFO - Se creó la subcarpeta: Z:\Analisis Urbantrips\Descarga\Hex_Procrear\Hex_Procrear - 2025-04-01_13-13-50\2 - Viajes Alternativos\a - Viajes del Corredor
2025-04-01 13:13:50,864 - INFO - Se creó la subsubcarpeta: Z:\Analisis Urbantrips\Descarga\Hex_Procrear\Hex_Procrear - 2025-04-01_13-13-50\2 - Viajes Alternativos\a - Viajes del Corredor\a - Linea mas utilizada por cantidad de etapas
2025-04-01 13:13:50,880 - INFO - Se creó la subsubcarpeta: Z:\Analisis Urbantrips\Descarga\Hex_Procrear\Hex_Procrear - 2025-04-01_13-13-50\2 - Viajes Alternativos\a - Viajes del Corredor\b - Combinacion de viaje mas utilizada
2025-04-01 13:13:50,899 - INFO - Se creó la subcarpeta: Z:\Analisis Urbantrips\Descarga\Hex_Procrear\Hex_Procrear - 2025-04-01_13-13-50\2 - Viajes Alternativos\b - Viajes Alternativos
2025-04-01 13:13:50,927 - INFO - Se creó la subsubcarpeta: Z:\Analisis Urbantrips\Descarga\Hex_Procrear\Hex_Procrear - 2025-04-01_13-13-50\2 - Viajes Alternativos\b - Viajes Alternativos\a - Linea mas utilizada por cantidad de etapas
2025-04-01 13:13:50,940 - INFO - Se creó la subsubcarpeta: Z:\Analisis Urbantrips\Descarga\Hex_Procrear\Hex_Procrear - 2025-04-01_13-13-50\2 - Viajes Alternativos\b - Viajes Alternativos\b - Combinacion de viaje mas utilizada
2025-04-01 13:13:50,957 - INFO - Se creó la subcarpeta: Z:\Analisis Urbantrips\Descarga\Hex_Procrear\Hex_Procrear - 2025-04-01_13-13-50\2 - Viajes Alternativos\c - Viajes Propios en el Corredor
2025-04-01 13:13:50,968 - INFO - Se creó la subsubcarpeta: Z:\Analisis Urbantrips\Descarga\Hex_Procrear\Hex_Procrear - 2025-04-01_13-13-50\2 - Viajes Alternativos\c - Viajes Propios en el Corredor\a - Linea mas utilizada por cantidad de etapas
2025-04-01 13:13:50,983 - INFO - Se creó la subsubcarpeta: Z:\Analisis Urbantrips\Descarga\Hex_Procrear\Hex_Procrear - 2025-04-01_13-13-50\2 - Viajes Alternativos\c - Viajes Propios en el Corredor\b - Combinacion de viaje mas utilizada
2025-04-01 13:13:50,999 - INFO - Se creó la carpeta: Z:\Analisis Urbantrips\Descarga\Hex_Procrear\Hex_Procrear - 2025-04-01_13-13-50\3 - Analisis de Zonas
2025-04-01 13:13:51,081 - INFO - Conexión exitosa con la base de datos.
2025-04-01 13:13:51,112 - INFO - Se obtuvieron 25 tablas del esquema 'Hex_Procrear.dbo'.
2025-04-01 13:13:51,128 - INFO - Iniciando la exportación de la tabla '_1_base_viajes' a las 2025-04-01_13-13-50...
2025-04-01 13:13:53,037 - INFO - Tabla '_1_base_viajes' exportada exitosamente a 'Z:\Analisis Urbantrips\Descarga\Hex_Procrear\Hex_Procrear - 2025-04-01_13-13-50\1 - Viajes Propios\_1_base_viajes.xlsx' a las 2025-04-01_13-13-50.
2025-04-01 13:13:53,037 - INFO - Iniciando la exportación de la tabla '_1_base_zonas_unicas_totales' a las 2025-04-01_13-13-50...
2025-04-01 13:13:53,540 - INFO - Tabla '_1_base_zonas_unicas_totales' exportada exitosamente a 'Z:\Analisis Urbantrips\Descarga\Hex_Procrear\Hex_Procrear - 2025-04-01_13-13-50\1 - Viajes Propios\_1_base_zonas_unicas_totales.xlsx' a las 2025-04-01_13-13-50.
2025-04-01 13:13:53,540 - INFO - Iniciando la exportación de la tabla '_2_3_1_combinacion_corredor_mas_utilizadas_porParOD' a las 2025-04-01_13-13-50...
2025-04-01 13:13:54,508 - INFO - Tabla '_2_3_1_combinacion_corredor_mas_utilizadas_porParOD' exportada exitosamente a 'Z:\Analisis Urbantrips\Descarga\Hex_Procrear\Hex_Procrear - 2025-04-01_13-13-50\2 - Viajes Alternativos\a - Viajes del Corredor\b - Combinacion de viaje mas utilizada\_2_3_1_combinacion_corredor_mas_utilizadas_porParOD.xlsx' a las 2025-04-01_13-13-50.
2025-04-01 13:13:54,508 - INFO - Iniciando la exportación de la tabla '_2_3_1_combinacion_corredor_utilizadas_Distancia' a las 2025-04-01_13-13-50...
2025-04-01 13:13:54,821 - INFO - Tabla '_2_3_1_combinacion_corredor_utilizadas_Distancia' exportada exitosamente a 'Z:\Analisis Urbantrips\Descarga\Hex_Procrear\Hex_Procrear - 2025-04-01_13-13-50\2 - Viajes Alternativos\a - Viajes del Corredor\b - Combinacion de viaje mas utilizada\_2_3_1_combinacion_corredor_utilizadas_Distancia.xlsx' a las 2025-04-01_13-13-50.
2025-04-01 13:13:54,821 - INFO - Iniciando la exportación de la tabla '_2_3_1_combinacion_corredor_utilizadas_Distancia_Modo' a las 2025-04-01_13-13-50...
2025-04-01 13:13:55,147 - INFO - Tabla '_2_3_1_combinacion_corredor_utilizadas_Distancia_Modo' exportada exitosamente a 'Z:\Analisis Urbantrips\Descarga\Hex_Procrear\Hex_Procrear - 2025-04-01_13-13-50\2 - Viajes Alternativos\a - Viajes del Corredor\b - Combinacion de viaje mas utilizada\_2_3_1_combinacion_corredor_utilizadas_Distancia_Modo.xlsx' a las 2025-04-01_13-13-50.
2025-04-01 13:13:55,147 - INFO - Iniciando la exportación de la tabla '_2_3_1_combinacion_corredor_utilizadas_Distancia_Modo_Horario' a las 2025-04-01_13-13-50...
2025-04-01 13:13:55,704 - INFO - Tabla '_2_3_1_combinacion_corredor_utilizadas_Distancia_Modo_Horario' exportada exitosamente a 'Z:\Analisis Urbantrips\Descarga\Hex_Procrear\Hex_Procrear - 2025-04-01_13-13-50\2 - Viajes Alternativos\a - Viajes del Corredor\b - Combinacion de viaje mas utilizada\_2_3_1_combinacion_corredor_utilizadas_Distancia_Modo_Horario.xlsx' a las 2025-04-01_13-13-50.
2025-04-01 13:13:55,704 - INFO - Iniciando la exportación de la tabla '_2_3_1_combinacion_corredor_utilizadas_horario' a las 2025-04-01_13-13-50...
2025-04-01 13:13:56,007 - INFO - Tabla '_2_3_1_combinacion_corredor_utilizadas_horario' exportada exitosamente a 'Z:\Analisis Urbantrips\Descarga\Hex_Procrear\Hex_Procrear - 2025-04-01_13-13-50\2 - Viajes Alternativos\a - Viajes del Corredor\b - Combinacion de viaje mas utilizada\_2_3_1_combinacion_corredor_utilizadas_horario.xlsx' a las 2025-04-01_13-13-50.
2025-04-01 13:13:56,007 - INFO - Iniciando la exportación de la tabla '_2_3_1_combinacion_corredor_utilizadas_ModoMultimodal' a las 2025-04-01_13-13-50...
2025-04-01 13:13:56,318 - INFO - Tabla '_2_3_1_combinacion_corredor_utilizadas_ModoMultimodal' exportada exitosamente a 'Z:\Analisis Urbantrips\Descarga\Hex_Procrear\Hex_Procrear - 2025-04-01_13-13-50\2 - Viajes Alternativos\a - Viajes del Corredor\b - Combinacion de viaje mas utilizada\_2_3_1_combinacion_corredor_utilizadas_ModoMultimodal.xlsx' a las 2025-04-01_13-13-50.
2025-04-01 13:13:56,318 - INFO - Iniciando la exportación de la tabla '_2_3_1_combinacion_corredor_utilizadas_ParOD_Horario' a las 2025-04-01_13-13-50...
2025-04-01 13:13:57,440 - INFO - Tabla '_2_3_1_combinacion_corredor_utilizadas_ParOD_Horario' exportada exitosamente a 'Z:\Analisis Urbantrips\Descarga\Hex_Procrear\Hex_Procrear - 2025-04-01_13-13-50\2 - Viajes Alternativos\a - Viajes del Corredor\b - Combinacion de viaje mas utilizada\_2_3_1_combinacion_corredor_utilizadas_ParOD_Horario.xlsx' a las 2025-04-01_13-13-50.
2025-04-01 13:13:57,442 - INFO - Iniciando la exportación de la tabla '_2_3_1_combinacion_corredor_utilizadas_ParOD_Modo' a las 2025-04-01_13-13-50...
2025-04-01 13:13:58,497 - INFO - Tabla '_2_3_1_combinacion_corredor_utilizadas_ParOD_Modo' exportada exitosamente a 'Z:\Analisis Urbantrips\Descarga\Hex_Procrear\Hex_Procrear - 2025-04-01_13-13-50\2 - Viajes Alternativos\a - Viajes del Corredor\b - Combinacion de viaje mas utilizada\_2_3_1_combinacion_corredor_utilizadas_ParOD_Modo.xlsx' a las 2025-04-01_13-13-50.
2025-04-01 13:13:58,498 - INFO - Iniciando la exportación de la tabla '_2_3_1_combinacion_corredor_utilizadas_ParOD_Modo_Distancia' a las 2025-04-01_13-13-50...
2025-04-01 13:13:59,529 - INFO - Tabla '_2_3_1_combinacion_corredor_utilizadas_ParOD_Modo_Distancia' exportada exitosamente a 'Z:\Analisis Urbantrips\Descarga\Hex_Procrear\Hex_Procrear - 2025-04-01_13-13-50\2 - Viajes Alternativos\a - Viajes del Corredor\b - Combinacion de viaje mas utilizada\_2_3_1_combinacion_corredor_utilizadas_ParOD_Modo_Distancia.xlsx' a las 2025-04-01_13-13-50.
2025-04-01 13:13:59,530 - INFO - Iniciando la exportación de la tabla '_2_3_1_combinacion_corredor_utilizadas_ParOD_Modo_Distancia_horario' a las 2025-04-01_13-13-50...
2025-04-01 13:14:00,732 - INFO - Tabla '_2_3_1_combinacion_corredor_utilizadas_ParOD_Modo_Distancia_horario' exportada exitosamente a 'Z:\Analisis Urbantrips\Descarga\Hex_Procrear\Hex_Procrear - 2025-04-01_13-13-50\2 - Viajes Alternativos\a - Viajes del Corredor\b - Combinacion de viaje mas utilizada\_2_3_1_combinacion_corredor_utilizadas_ParOD_Modo_Distancia_horario.xlsx' a las 2025-04-01_13-13-50.
2025-04-01 13:14:00,733 - INFO - Iniciando la exportación de la tabla '_2_3_agrupado_corredor_distancia' a las 2025-04-01_13-13-50...
2025-04-01 13:14:01,017 - INFO - Tabla '_2_3_agrupado_corredor_distancia' exportada exitosamente a 'Z:\Analisis Urbantrips\Descarga\Hex_Procrear\Hex_Procrear - 2025-04-01_13-13-50\2 - Viajes Alternativos\a - Viajes del Corredor\_2_3_agrupado_corredor_distancia.xlsx' a las 2025-04-01_13-13-50.
2025-04-01 13:14:01,017 - INFO - Iniciando la exportación de la tabla '_2_3_agrupado_corredor_hora' a las 2025-04-01_13-13-50...
2025-04-01 13:14:01,652 - INFO - Tabla '_2_3_agrupado_corredor_hora' exportada exitosamente a 'Z:\Analisis Urbantrips\Descarga\Hex_Procrear\Hex_Procrear - 2025-04-01_13-13-50\2 - Viajes Alternativos\a - Viajes del Corredor\_2_3_agrupado_corredor_hora.xlsx' a las 2025-04-01_13-13-50.
2025-04-01 13:14:01,652 - INFO - Iniciando la exportación de la tabla '_2_3_agrupado_corredor_ParOD' a las 2025-04-01_13-13-50...
2025-04-01 13:14:03,290 - INFO - Tabla '_2_3_agrupado_corredor_ParOD' exportada exitosamente a 'Z:\Analisis Urbantrips\Descarga\Hex_Procrear\Hex_Procrear - 2025-04-01_13-13-50\2 - Viajes Alternativos\a - Viajes del Corredor\_2_3_agrupado_corredor_ParOD.xlsx' a las 2025-04-01_13-13-50.
2025-04-01 13:14:03,290 - INFO - Iniciando la exportación de la tabla '_2_3_agrupado_corredor_ParOD_horario' a las 2025-04-01_13-13-50...
2025-04-01 13:14:05,260 - INFO - Tabla '_2_3_agrupado_corredor_ParOD_horario' exportada exitosamente a 'Z:\Analisis Urbantrips\Descarga\Hex_Procrear\Hex_Procrear - 2025-04-01_13-13-50\2 - Viajes Alternativos\a - Viajes del Corredor\_2_3_agrupado_corredor_ParOD_horario.xlsx' a las 2025-04-01_13-13-50.
2025-04-01 13:14:05,260 - INFO - Iniciando la exportación de la tabla '_2_3_agrupado_corredor_Pico_Horario' a las 2025-04-01_13-13-50...
2025-04-01 13:14:05,609 - INFO - Tabla '_2_3_agrupado_corredor_Pico_Horario' exportada exitosamente a 'Z:\Analisis Urbantrips\Descarga\Hex_Procrear\Hex_Procrear - 2025-04-01_13-13-50\2 - Viajes Alternativos\a - Viajes del Corredor\_2_3_agrupado_corredor_Pico_Horario.xlsx' a las 2025-04-01_13-13-50.
2025-04-01 13:14:05,611 - INFO - Iniciando la exportación de la tabla '_2_3_distribucion_corredor_distancia_ModoMultiModal_Combinacion_distancia_horario' a las 2025-04-01_13-13-50...
2025-04-01 13:14:06,080 - INFO - Tabla '_2_3_distribucion_corredor_distancia_ModoMultiModal_Combinacion_distancia_horario' exportada exitosamente a 'Z:\Analisis Urbantrips\Descarga\Hex_Procrear\Hex_Procrear - 2025-04-01_13-13-50\2 - Viajes Alternativos\a - Viajes del Corredor\_2_3_distribucion_corredor_distancia_ModoMultiModal_Combinacion_distancia_horario.xlsx' a las 2025-04-01_13-13-50.
2025-04-01 13:14:06,081 - INFO - Iniciando la exportación de la tabla '_2_3_distribucion_corredor_distancia_ModoMultiModal_Combinacion_horario' a las 2025-04-01_13-13-50...
2025-04-01 13:14:06,494 - INFO - Tabla '_2_3_distribucion_corredor_distancia_ModoMultiModal_Combinacion_horario' exportada exitosamente a 'Z:\Analisis Urbantrips\Descarga\Hex_Procrear\Hex_Procrear - 2025-04-01_13-13-50\2 - Viajes Alternativos\a - Viajes del Corredor\_2_3_distribucion_corredor_distancia_ModoMultiModal_Combinacion_horario.xlsx' a las 2025-04-01_13-13-50.
2025-04-01 13:14:06,495 - INFO - Iniciando la exportación de la tabla '_2_3_distribucion_corredor_distancia_MultiModal' a las 2025-04-01_13-13-50...
2025-04-01 13:14:07,052 - INFO - Tabla '_2_3_distribucion_corredor_distancia_MultiModal' exportada exitosamente a 'Z:\Analisis Urbantrips\Descarga\Hex_Procrear\Hex_Procrear - 2025-04-01_13-13-50\2 - Viajes Alternativos\a - Viajes del Corredor\_2_3_distribucion_corredor_distancia_MultiModal.xlsx' a las 2025-04-01_13-13-50.
2025-04-01 13:14:07,053 - INFO - Iniciando la exportación de la tabla '_2_3_distribucion_corredor_horario_distancia' a las 2025-04-01_13-13-50...
2025-04-01 13:14:07,533 - INFO - Tabla '_2_3_distribucion_corredor_horario_distancia' exportada exitosamente a 'Z:\Analisis Urbantrips\Descarga\Hex_Procrear\Hex_Procrear - 2025-04-01_13-13-50\2 - Viajes Alternativos\a - Viajes del Corredor\_2_3_distribucion_corredor_horario_distancia.xlsx' a las 2025-04-01_13-13-50.
2025-04-01 13:14:07,533 - INFO - Iniciando la exportación de la tabla '_2_3_distribucion_corredor_horario_ModoCombinacion' a las 2025-04-01_13-13-50...
2025-04-01 13:14:07,988 - INFO - Tabla '_2_3_distribucion_corredor_horario_ModoCombinacion' exportada exitosamente a 'Z:\Analisis Urbantrips\Descarga\Hex_Procrear\Hex_Procrear - 2025-04-01_13-13-50\2 - Viajes Alternativos\a - Viajes del Corredor\_2_3_distribucion_corredor_horario_ModoCombinacion.xlsx' a las 2025-04-01_13-13-50.
2025-04-01 13:14:07,988 - INFO - Iniciando la exportación de la tabla '_2_3_distribucion_corredor_MultiModal_ModoCombinacion' a las 2025-04-01_13-13-50...
2025-04-01 13:14:08,394 - INFO - Tabla '_2_3_distribucion_corredor_MultiModal_ModoCombinacion' exportada exitosamente a 'Z:\Analisis Urbantrips\Descarga\Hex_Procrear\Hex_Procrear - 2025-04-01_13-13-50\2 - Viajes Alternativos\a - Viajes del Corredor\_2_3_distribucion_corredor_MultiModal_ModoCombinacion.xlsx' a las 2025-04-01_13-13-50.
2025-04-01 13:14:08,394 - INFO - Iniciando la exportación de la tabla '_2_base_combinaciones_por_linea_porParOD' a las 2025-04-01_13-13-50...
2025-04-01 13:14:09,747 - INFO - Tabla '_2_base_combinaciones_por_linea_porParOD' exportada exitosamente a 'Z:\Analisis Urbantrips\Descarga\Hex_Procrear\Hex_Procrear - 2025-04-01_13-13-50\_2_base_combinaciones_por_linea_porParOD.xlsx' a las 2025-04-01_13-13-50.
2025-04-01 13:14:09,747 - INFO - Iniciando la exportación de la tabla '_2_base_etapas_por_linea_por_ParOD' a las 2025-04-01_13-13-50...
2025-04-01 13:14:12,433 - INFO - Tabla '_2_base_etapas_por_linea_por_ParOD' exportada exitosamente a 'Z:\Analisis Urbantrips\Descarga\Hex_Procrear\Hex_Procrear - 2025-04-01_13-13-50\_2_base_etapas_por_linea_por_ParOD.xlsx' a las 2025-04-01_13-13-50.
2025-04-01 13:14:14,445 - INFO - HTTP Request: POST https://api.telegram.org/bot7806021838:AAGLwfGfiPp_Sl39kg-R-LbAKiLTMN8Z-jg/sendMessage "HTTP/1.1 200 OK"
2025-04-01 13:14:14,445 - INFO - Proceso de exportación completado para el esquema 'Hex_Procrear.dbo' a la hora 2025-04-01_13-13-50.
2025-04-01 14:20:26,378 - INFO - Se creó la subcarpeta del esquema: Z:\Analisis Urbantrips\Descarga\Hex_Procrear\Hex_Procrear - 2025-04-01_14-20-26
2025-04-01 14:20:26,392 - INFO - Se creó la carpeta: Z:\Analisis Urbantrips\Descarga\Hex_Procrear\Hex_Procrear - 2025-04-01_14-20-26\1 - Viajes Propios
2025-04-01 14:20:26,423 - INFO - Se creó la carpeta: Z:\Analisis Urbantrips\Descarga\Hex_Procrear\Hex_Procrear - 2025-04-01_14-20-26\2 - Viajes Alternativos
2025-04-01 14:20:26,437 - INFO - Se creó la subcarpeta: Z:\Analisis Urbantrips\Descarga\Hex_Procrear\Hex_Procrear - 2025-04-01_14-20-26\2 - Viajes Alternativos\a - Viajes del Corredor
2025-04-01 14:20:26,453 - INFO - Se creó la subsubcarpeta: Z:\Analisis Urbantrips\Descarga\Hex_Procrear\Hex_Procrear - 2025-04-01_14-20-26\2 - Viajes Alternativos\a - Viajes del Corredor\a - Linea mas utilizada por cantidad de etapas
2025-04-01 14:20:26,472 - INFO - Se creó la subsubcarpeta: Z:\Analisis Urbantrips\Descarga\Hex_Procrear\Hex_Procrear - 2025-04-01_14-20-26\2 - Viajes Alternativos\a - Viajes del Corredor\b - Combinacion de viaje mas utilizada
2025-04-01 14:20:26,492 - INFO - Se creó la subcarpeta: Z:\Analisis Urbantrips\Descarga\Hex_Procrear\Hex_Procrear - 2025-04-01_14-20-26\2 - Viajes Alternativos\b - Viajes Alternativos
2025-04-01 14:20:26,511 - INFO - Se creó la subsubcarpeta: Z:\Analisis Urbantrips\Descarga\Hex_Procrear\Hex_Procrear - 2025-04-01_14-20-26\2 - Viajes Alternativos\b - Viajes Alternativos\a - Linea mas utilizada por cantidad de etapas
2025-04-01 14:20:26,543 - INFO - Se creó la subsubcarpeta: Z:\Analisis Urbantrips\Descarga\Hex_Procrear\Hex_Procrear - 2025-04-01_14-20-26\2 - Viajes Alternativos\b - Viajes Alternativos\b - Combinacion de viaje mas utilizada
2025-04-01 14:20:26,562 - INFO - Se creó la subcarpeta: Z:\Analisis Urbantrips\Descarga\Hex_Procrear\Hex_Procrear - 2025-04-01_14-20-26\2 - Viajes Alternativos\c - Viajes Propios en el Corredor
2025-04-01 14:20:26,578 - INFO - Se creó la subsubcarpeta: Z:\Analisis Urbantrips\Descarga\Hex_Procrear\Hex_Procrear - 2025-04-01_14-20-26\2 - Viajes Alternativos\c - Viajes Propios en el Corredor\a - Linea mas utilizada por cantidad de etapas
2025-04-01 14:20:26,598 - INFO - Se creó la subsubcarpeta: Z:\Analisis Urbantrips\Descarga\Hex_Procrear\Hex_Procrear - 2025-04-01_14-20-26\2 - Viajes Alternativos\c - Viajes Propios en el Corredor\b - Combinacion de viaje mas utilizada
2025-04-01 14:20:26,615 - INFO - Se creó la carpeta: Z:\Analisis Urbantrips\Descarga\Hex_Procrear\Hex_Procrear - 2025-04-01_14-20-26\3 - Analisis de Zonas
2025-04-01 14:20:26,771 - INFO - Conexión exitosa con la base de datos.
2025-04-01 14:20:26,817 - INFO - Se obtuvieron 25 tablas del esquema 'Hex_Procrear.dbo'.
2025-04-01 14:20:26,818 - INFO - Iniciando la exportación de la tabla '_1_base_viajes' a las 2025-04-01_14-20-26...
2025-04-01 14:20:29,122 - INFO - Tabla '_1_base_viajes' exportada exitosamente a 'Z:\Analisis Urbantrips\Descarga\Hex_Procrear\Hex_Procrear - 2025-04-01_14-20-26\1 - Viajes Propios\_1_base_viajes.xlsx' a las 2025-04-01_14-20-26.
2025-04-01 14:20:29,122 - INFO - Iniciando la exportación de la tabla '_1_base_zonas_unicas_totales' a las 2025-04-01_14-20-26...
2025-04-01 14:20:29,819 - INFO - Tabla '_1_base_zonas_unicas_totales' exportada exitosamente a 'Z:\Analisis Urbantrips\Descarga\Hex_Procrear\Hex_Procrear - 2025-04-01_14-20-26\1 - Viajes Propios\_1_base_zonas_unicas_totales.xlsx' a las 2025-04-01_14-20-26.
2025-04-01 14:20:29,819 - INFO - Iniciando la exportación de la tabla '_2_3_1_combinacion_corredor_mas_utilizadas_porParOD' a las 2025-04-01_14-20-26...
2025-04-01 14:20:31,768 - INFO - Tabla '_2_3_1_combinacion_corredor_mas_utilizadas_porParOD' exportada exitosamente a 'Z:\Analisis Urbantrips\Descarga\Hex_Procrear\Hex_Procrear - 2025-04-01_14-20-26\2 - Viajes Alternativos\a - Viajes del Corredor\b - Combinacion de viaje mas utilizada\_2_3_1_combinacion_corredor_mas_utilizadas_porParOD.xlsx' a las 2025-04-01_14-20-26.
2025-04-01 14:20:31,768 - INFO - Iniciando la exportación de la tabla '_2_3_1_combinacion_corredor_utilizadas_Distancia' a las 2025-04-01_14-20-26...
2025-04-01 14:20:33,495 - INFO - Tabla '_2_3_1_combinacion_corredor_utilizadas_Distancia' exportada exitosamente a 'Z:\Analisis Urbantrips\Descarga\Hex_Procrear\Hex_Procrear - 2025-04-01_14-20-26\2 - Viajes Alternativos\a - Viajes del Corredor\b - Combinacion de viaje mas utilizada\_2_3_1_combinacion_corredor_utilizadas_Distancia.xlsx' a las 2025-04-01_14-20-26.
2025-04-01 14:20:33,495 - INFO - Iniciando la exportación de la tabla '_2_3_1_combinacion_corredor_utilizadas_Distancia_Modo' a las 2025-04-01_14-20-26...
2025-04-01 14:20:33,989 - INFO - Tabla '_2_3_1_combinacion_corredor_utilizadas_Distancia_Modo' exportada exitosamente a 'Z:\Analisis Urbantrips\Descarga\Hex_Procrear\Hex_Procrear - 2025-04-01_14-20-26\2 - Viajes Alternativos\a - Viajes del Corredor\b - Combinacion de viaje mas utilizada\_2_3_1_combinacion_corredor_utilizadas_Distancia_Modo.xlsx' a las 2025-04-01_14-20-26.
2025-04-01 14:20:33,989 - INFO - Iniciando la exportación de la tabla '_2_3_1_combinacion_corredor_utilizadas_Distancia_Modo_Horario' a las 2025-04-01_14-20-26...
2025-04-01 14:20:34,465 - INFO - Tabla '_2_3_1_combinacion_corredor_utilizadas_Distancia_Modo_Horario' exportada exitosamente a 'Z:\Analisis Urbantrips\Descarga\Hex_Procrear\Hex_Procrear - 2025-04-01_14-20-26\2 - Viajes Alternativos\a - Viajes del Corredor\b - Combinacion de viaje mas utilizada\_2_3_1_combinacion_corredor_utilizadas_Distancia_Modo_Horario.xlsx' a las 2025-04-01_14-20-26.
2025-04-01 14:20:34,465 - INFO - Iniciando la exportación de la tabla '_2_3_1_combinacion_corredor_utilizadas_horario' a las 2025-04-01_14-20-26...
2025-04-01 14:20:34,988 - INFO - Tabla '_2_3_1_combinacion_corredor_utilizadas_horario' exportada exitosamente a 'Z:\Analisis Urbantrips\Descarga\Hex_Procrear\Hex_Procrear - 2025-04-01_14-20-26\2 - Viajes Alternativos\a - Viajes del Corredor\b - Combinacion de viaje mas utilizada\_2_3_1_combinacion_corredor_utilizadas_horario.xlsx' a las 2025-04-01_14-20-26.
2025-04-01 14:20:34,988 - INFO - Iniciando la exportación de la tabla '_2_3_1_combinacion_corredor_utilizadas_ModoMultimodal' a las 2025-04-01_14-20-26...
2025-04-01 14:20:35,574 - INFO - Tabla '_2_3_1_combinacion_corredor_utilizadas_ModoMultimodal' exportada exitosamente a 'Z:\Analisis Urbantrips\Descarga\Hex_Procrear\Hex_Procrear - 2025-04-01_14-20-26\2 - Viajes Alternativos\a - Viajes del Corredor\b - Combinacion de viaje mas utilizada\_2_3_1_combinacion_corredor_utilizadas_ModoMultimodal.xlsx' a las 2025-04-01_14-20-26.
2025-04-01 14:20:35,574 - INFO - Iniciando la exportación de la tabla '_2_3_1_combinacion_corredor_utilizadas_ParOD_Horario' a las 2025-04-01_14-20-26...
2025-04-01 14:20:36,937 - INFO - Tabla '_2_3_1_combinacion_corredor_utilizadas_ParOD_Horario' exportada exitosamente a 'Z:\Analisis Urbantrips\Descarga\Hex_Procrear\Hex_Procrear - 2025-04-01_14-20-26\2 - Viajes Alternativos\a - Viajes del Corredor\b - Combinacion de viaje mas utilizada\_2_3_1_combinacion_corredor_utilizadas_ParOD_Horario.xlsx' a las 2025-04-01_14-20-26.
2025-04-01 14:20:36,937 - INFO - Iniciando la exportación de la tabla '_2_3_1_combinacion_corredor_utilizadas_ParOD_Modo' a las 2025-04-01_14-20-26...
2025-04-01 14:20:38,036 - INFO - Tabla '_2_3_1_combinacion_corredor_utilizadas_ParOD_Modo' exportada exitosamente a 'Z:\Analisis Urbantrips\Descarga\Hex_Procrear\Hex_Procrear - 2025-04-01_14-20-26\2 - Viajes Alternativos\a - Viajes del Corredor\b - Combinacion de viaje mas utilizada\_2_3_1_combinacion_corredor_utilizadas_ParOD_Modo.xlsx' a las 2025-04-01_14-20-26.
2025-04-01 14:20:38,036 - INFO - Iniciando la exportación de la tabla '_2_3_1_combinacion_corredor_utilizadas_ParOD_Modo_Distancia' a las 2025-04-01_14-20-26...
2025-04-01 14:20:38,816 - INFO - Tabla '_2_3_1_combinacion_corredor_utilizadas_ParOD_Modo_Distancia' exportada exitosamente a 'Z:\Analisis Urbantrips\Descarga\Hex_Procrear\Hex_Procrear - 2025-04-01_14-20-26\2 - Viajes Alternativos\a - Viajes del Corredor\b - Combinacion de viaje mas utilizada\_2_3_1_combinacion_corredor_utilizadas_ParOD_Modo_Distancia.xlsx' a las 2025-04-01_14-20-26.
2025-04-01 14:20:38,817 - INFO - Iniciando la exportación de la tabla '_2_3_1_combinacion_corredor_utilizadas_ParOD_Modo_Distancia_horario' a las 2025-04-01_14-20-26...
2025-04-01 14:20:40,405 - INFO - Tabla '_2_3_1_combinacion_corredor_utilizadas_ParOD_Modo_Distancia_horario' exportada exitosamente a 'Z:\Analisis Urbantrips\Descarga\Hex_Procrear\Hex_Procrear - 2025-04-01_14-20-26\2 - Viajes Alternativos\a - Viajes del Corredor\b - Combinacion de viaje mas utilizada\_2_3_1_combinacion_corredor_utilizadas_ParOD_Modo_Distancia_horario.xlsx' a las 2025-04-01_14-20-26.
2025-04-01 14:20:40,405 - INFO - Iniciando la exportación de la tabla '_2_3_agrupado_corredor_distancia' a las 2025-04-01_14-20-26...
2025-04-01 14:20:40,853 - INFO - Tabla '_2_3_agrupado_corredor_distancia' exportada exitosamente a 'Z:\Analisis Urbantrips\Descarga\Hex_Procrear\Hex_Procrear - 2025-04-01_14-20-26\2 - Viajes Alternativos\a - Viajes del Corredor\_2_3_agrupado_corredor_distancia.xlsx' a las 2025-04-01_14-20-26.
2025-04-01 14:20:40,853 - INFO - Iniciando la exportación de la tabla '_2_3_agrupado_corredor_hora' a las 2025-04-01_14-20-26...
2025-04-01 14:20:41,160 - INFO - Tabla '_2_3_agrupado_corredor_hora' exportada exitosamente a 'Z:\Analisis Urbantrips\Descarga\Hex_Procrear\Hex_Procrear - 2025-04-01_14-20-26\2 - Viajes Alternativos\a - Viajes del Corredor\_2_3_agrupado_corredor_hora.xlsx' a las 2025-04-01_14-20-26.
2025-04-01 14:20:41,160 - INFO - Iniciando la exportación de la tabla '_2_3_agrupado_corredor_ParOD' a las 2025-04-01_14-20-26...
2025-04-01 14:20:42,420 - INFO - Tabla '_2_3_agrupado_corredor_ParOD' exportada exitosamente a 'Z:\Analisis Urbantrips\Descarga\Hex_Procrear\Hex_Procrear - 2025-04-01_14-20-26\2 - Viajes Alternativos\a - Viajes del Corredor\_2_3_agrupado_corredor_ParOD.xlsx' a las 2025-04-01_14-20-26.
2025-04-01 14:20:42,420 - INFO - Iniciando la exportación de la tabla '_2_3_agrupado_corredor_ParOD_horario' a las 2025-04-01_14-20-26...
2025-04-01 14:20:43,739 - INFO - Tabla '_2_3_agrupado_corredor_ParOD_horario' exportada exitosamente a 'Z:\Analisis Urbantrips\Descarga\Hex_Procrear\Hex_Procrear - 2025-04-01_14-20-26\2 - Viajes Alternativos\a - Viajes del Corredor\_2_3_agrupado_corredor_ParOD_horario.xlsx' a las 2025-04-01_14-20-26.
2025-04-01 14:20:43,739 - INFO - Iniciando la exportación de la tabla '_2_3_agrupado_corredor_Pico_Horario' a las 2025-04-01_14-20-26...
2025-04-01 14:20:44,028 - INFO - Tabla '_2_3_agrupado_corredor_Pico_Horario' exportada exitosamente a 'Z:\Analisis Urbantrips\Descarga\Hex_Procrear\Hex_Procrear - 2025-04-01_14-20-26\2 - Viajes Alternativos\a - Viajes del Corredor\_2_3_agrupado_corredor_Pico_Horario.xlsx' a las 2025-04-01_14-20-26.
2025-04-01 14:20:44,028 - INFO - Iniciando la exportación de la tabla '_2_3_distribucion_corredor_distancia_ModoMultiModal_Combinacion_distancia_horario' a las 2025-04-01_14-20-26...
2025-04-01 14:20:44,422 - INFO - Tabla '_2_3_distribucion_corredor_distancia_ModoMultiModal_Combinacion_distancia_horario' exportada exitosamente a 'Z:\Analisis Urbantrips\Descarga\Hex_Procrear\Hex_Procrear - 2025-04-01_14-20-26\2 - Viajes Alternativos\a - Viajes del Corredor\_2_3_distribucion_corredor_distancia_ModoMultiModal_Combinacion_distancia_horario.xlsx' a las 2025-04-01_14-20-26.
2025-04-01 14:20:44,422 - INFO - Iniciando la exportación de la tabla '_2_3_distribucion_corredor_distancia_ModoMultiModal_Combinacion_horario' a las 2025-04-01_14-20-26...
2025-04-01 14:20:44,674 - INFO - Tabla '_2_3_distribucion_corredor_distancia_ModoMultiModal_Combinacion_horario' exportada exitosamente a 'Z:\Analisis Urbantrips\Descarga\Hex_Procrear\Hex_Procrear - 2025-04-01_14-20-26\2 - Viajes Alternativos\a - Viajes del Corredor\_2_3_distribucion_corredor_distancia_ModoMultiModal_Combinacion_horario.xlsx' a las 2025-04-01_14-20-26.
2025-04-01 14:20:44,674 - INFO - Iniciando la exportación de la tabla '_2_3_distribucion_corredor_distancia_MultiModal' a las 2025-04-01_14-20-26...
2025-04-01 14:20:44,988 - INFO - Tabla '_2_3_distribucion_corredor_distancia_MultiModal' exportada exitosamente a 'Z:\Analisis Urbantrips\Descarga\Hex_Procrear\Hex_Procrear - 2025-04-01_14-20-26\2 - Viajes Alternativos\a - Viajes del Corredor\_2_3_distribucion_corredor_distancia_MultiModal.xlsx' a las 2025-04-01_14-20-26.
2025-04-01 14:20:44,988 - INFO - Iniciando la exportación de la tabla '_2_3_distribucion_corredor_horario_distancia' a las 2025-04-01_14-20-26...
2025-04-01 14:20:45,199 - INFO - Tabla '_2_3_distribucion_corredor_horario_distancia' exportada exitosamente a 'Z:\Analisis Urbantrips\Descarga\Hex_Procrear\Hex_Procrear - 2025-04-01_14-20-26\2 - Viajes Alternativos\a - Viajes del Corredor\_2_3_distribucion_corredor_horario_distancia.xlsx' a las 2025-04-01_14-20-26.
2025-04-01 14:20:45,199 - INFO - Iniciando la exportación de la tabla '_2_3_distribucion_corredor_horario_ModoCombinacion' a las 2025-04-01_14-20-26...
2025-04-01 14:20:45,455 - INFO - Tabla '_2_3_distribucion_corredor_horario_ModoCombinacion' exportada exitosamente a 'Z:\Analisis Urbantrips\Descarga\Hex_Procrear\Hex_Procrear - 2025-04-01_14-20-26\2 - Viajes Alternativos\a - Viajes del Corredor\_2_3_distribucion_corredor_horario_ModoCombinacion.xlsx' a las 2025-04-01_14-20-26.
2025-04-01 14:20:45,456 - INFO - Iniciando la exportación de la tabla '_2_3_distribucion_corredor_MultiModal_ModoCombinacion' a las 2025-04-01_14-20-26...
2025-04-01 14:20:45,699 - INFO - Tabla '_2_3_distribucion_corredor_MultiModal_ModoCombinacion' exportada exitosamente a 'Z:\Analisis Urbantrips\Descarga\Hex_Procrear\Hex_Procrear - 2025-04-01_14-20-26\2 - Viajes Alternativos\a - Viajes del Corredor\_2_3_distribucion_corredor_MultiModal_ModoCombinacion.xlsx' a las 2025-04-01_14-20-26.
2025-04-01 14:20:45,699 - INFO - Iniciando la exportación de la tabla '_2_base_combinaciones_por_linea_porParOD' a las 2025-04-01_14-20-26...
2025-04-01 14:20:46,727 - INFO - Tabla '_2_base_combinaciones_por_linea_porParOD' exportada exitosamente a 'Z:\Analisis Urbantrips\Descarga\Hex_Procrear\Hex_Procrear - 2025-04-01_14-20-26\_2_base_combinaciones_por_linea_porParOD.xlsx' a las 2025-04-01_14-20-26.
2025-04-01 14:20:46,728 - INFO - Iniciando la exportación de la tabla '_2_base_etapas_por_linea_por_ParOD' a las 2025-04-01_14-20-26...
2025-04-01 14:20:48,161 - INFO - Tabla '_2_base_etapas_por_linea_por_ParOD' exportada exitosamente a 'Z:\Analisis Urbantrips\Descarga\Hex_Procrear\Hex_Procrear - 2025-04-01_14-20-26\_2_base_etapas_por_linea_por_ParOD.xlsx' a las 2025-04-01_14-20-26.
2025-04-01 14:20:49,571 - INFO - HTTP Request: POST https://api.telegram.org/bot7806021838:AAGLwfGfiPp_Sl39kg-R-LbAKiLTMN8Z-jg/sendMessage "HTTP/1.1 200 OK"
2025-04-01 14:20:49,571 - INFO - Proceso de exportación completado para el esquema 'Hex_Procrear.dbo' a la hora 2025-04-01_14-20-26.
2025-04-01 14:24:49,000 - INFO - Se creó la subcarpeta del esquema: Z:\Analisis Urbantrips\Descarga\Hex_Procrear\Hex_Procrear - 2025-04-01_14-24-48
2025-04-01 14:24:49,017 - INFO - Se creó la carpeta: Z:\Analisis Urbantrips\Descarga\Hex_Procrear\Hex_Procrear - 2025-04-01_14-24-48\1 - Viajes Propios
2025-04-01 14:24:49,033 - INFO - Se creó la carpeta: Z:\Analisis Urbantrips\Descarga\Hex_Procrear\Hex_Procrear - 2025-04-01_14-24-48\2 - Viajes Alternativos
2025-04-01 14:24:49,049 - INFO - Se creó la subcarpeta: Z:\Analisis Urbantrips\Descarga\Hex_Procrear\Hex_Procrear - 2025-04-01_14-24-48\2 - Viajes Alternativos\a - Viajes del Corredor
2025-04-01 14:24:49,079 - INFO - Se creó la subsubcarpeta: Z:\Analisis Urbantrips\Descarga\Hex_Procrear\Hex_Procrear - 2025-04-01_14-24-48\2 - Viajes Alternativos\a - Viajes del Corredor\a - Linea mas utilizada por cantidad de etapas
2025-04-01 14:24:49,111 - INFO - Se creó la subsubcarpeta: Z:\Analisis Urbantrips\Descarga\Hex_Procrear\Hex_Procrear - 2025-04-01_14-24-48\2 - Viajes Alternativos\a - Viajes del Corredor\b - Combinacion de viaje mas utilizada
2025-04-01 14:24:49,140 - INFO - Se creó la subcarpeta: Z:\Analisis Urbantrips\Descarga\Hex_Procrear\Hex_Procrear - 2025-04-01_14-24-48\2 - Viajes Alternativos\b - Viajes Alternativos
2025-04-01 14:24:49,161 - INFO - Se creó la subsubcarpeta: Z:\Analisis Urbantrips\Descarga\Hex_Procrear\Hex_Procrear - 2025-04-01_14-24-48\2 - Viajes Alternativos\b - Viajes Alternativos\a - Linea mas utilizada por cantidad de etapas
2025-04-01 14:24:49,193 - INFO - Se creó la subsubcarpeta: Z:\Analisis Urbantrips\Descarga\Hex_Procrear\Hex_Procrear - 2025-04-01_14-24-48\2 - Viajes Alternativos\b - Viajes Alternativos\b - Combinacion de viaje mas utilizada
2025-04-01 14:24:49,226 - INFO - Se creó la subcarpeta: Z:\Analisis Urbantrips\Descarga\Hex_Procrear\Hex_Procrear - 2025-04-01_14-24-48\2 - Viajes Alternativos\c - Viajes Propios en el Corredor
2025-04-01 14:24:49,262 - INFO - Se creó la subsubcarpeta: Z:\Analisis Urbantrips\Descarga\Hex_Procrear\Hex_Procrear - 2025-04-01_14-24-48\2 - Viajes Alternativos\c - Viajes Propios en el Corredor\a - Linea mas utilizada por cantidad de etapas
2025-04-01 14:24:49,287 - INFO - Se creó la subsubcarpeta: Z:\Analisis Urbantrips\Descarga\Hex_Procrear\Hex_Procrear - 2025-04-01_14-24-48\2 - Viajes Alternativos\c - Viajes Propios en el Corredor\b - Combinacion de viaje mas utilizada
2025-04-01 14:24:49,326 - INFO - Se creó la carpeta: Z:\Analisis Urbantrips\Descarga\Hex_Procrear\Hex_Procrear - 2025-04-01_14-24-48\3 - Analisis de Zonas
2025-04-01 14:24:49,505 - INFO - Conexión exitosa con la base de datos.
2025-04-01 14:24:49,523 - INFO - Se obtuvieron 25 tablas del esquema 'Hex_Procrear.dbo'.
2025-04-01 14:24:49,526 - INFO - Iniciando la exportación de la tabla '_1_base_viajes' a las 2025-04-01_14-24-48...
2025-04-01 14:24:52,184 - INFO - Tabla '_1_base_viajes' exportada exitosamente a 'Z:\Analisis Urbantrips\Descarga\Hex_Procrear\Hex_Procrear - 2025-04-01_14-24-48\1 - Viajes Propios\_1_base_viajes.xlsx' a las 2025-04-01_14-24-48.
2025-04-01 14:24:52,210 - INFO - Iniciando la exportación de la tabla '_1_base_zonas_unicas_totales' a las 2025-04-01_14-24-48...
2025-04-01 14:24:52,858 - INFO - Tabla '_1_base_zonas_unicas_totales' exportada exitosamente a 'Z:\Analisis Urbantrips\Descarga\Hex_Procrear\Hex_Procrear - 2025-04-01_14-24-48\1 - Viajes Propios\_1_base_zonas_unicas_totales.xlsx' a las 2025-04-01_14-24-48.
2025-04-01 14:24:52,858 - INFO - Iniciando la exportación de la tabla '_2_3_1_combinacion_corredor_mas_utilizadas_porParOD' a las 2025-04-01_14-24-48...
2025-04-01 14:24:54,118 - INFO - Tabla '_2_3_1_combinacion_corredor_mas_utilizadas_porParOD' exportada exitosamente a 'Z:\Analisis Urbantrips\Descarga\Hex_Procrear\Hex_Procrear - 2025-04-01_14-24-48\2 - Viajes Alternativos\a - Viajes del Corredor\b - Combinacion de viaje mas utilizada\_2_3_1_combinacion_corredor_mas_utilizadas_porParOD.xlsx' a las 2025-04-01_14-24-48.
2025-04-01 14:24:54,119 - INFO - Iniciando la exportación de la tabla '_2_3_1_combinacion_corredor_utilizadas_Distancia' a las 2025-04-01_14-24-48...
2025-04-01 14:24:54,482 - INFO - Tabla '_2_3_1_combinacion_corredor_utilizadas_Distancia' exportada exitosamente a 'Z:\Analisis Urbantrips\Descarga\Hex_Procrear\Hex_Procrear - 2025-04-01_14-24-48\2 - Viajes Alternativos\a - Viajes del Corredor\b - Combinacion de viaje mas utilizada\_2_3_1_combinacion_corredor_utilizadas_Distancia.xlsx' a las 2025-04-01_14-24-48.
2025-04-01 14:24:54,482 - INFO - Iniciando la exportación de la tabla '_2_3_1_combinacion_corredor_utilizadas_Distancia_Modo' a las 2025-04-01_14-24-48...
2025-04-01 14:24:54,994 - INFO - Tabla '_2_3_1_combinacion_corredor_utilizadas_Distancia_Modo' exportada exitosamente a 'Z:\Analisis Urbantrips\Descarga\Hex_Procrear\Hex_Procrear - 2025-04-01_14-24-48\2 - Viajes Alternativos\a - Viajes del Corredor\b - Combinacion de viaje mas utilizada\_2_3_1_combinacion_corredor_utilizadas_Distancia_Modo.xlsx' a las 2025-04-01_14-24-48.
2025-04-01 14:24:54,994 - INFO - Iniciando la exportación de la tabla '_2_3_1_combinacion_corredor_utilizadas_Distancia_Modo_Horario' a las 2025-04-01_14-24-48...
2025-04-01 14:24:55,621 - INFO - Tabla '_2_3_1_combinacion_corredor_utilizadas_Distancia_Modo_Horario' exportada exitosamente a 'Z:\Analisis Urbantrips\Descarga\Hex_Procrear\Hex_Procrear - 2025-04-01_14-24-48\2 - Viajes Alternativos\a - Viajes del Corredor\b - Combinacion de viaje mas utilizada\_2_3_1_combinacion_corredor_utilizadas_Distancia_Modo_Horario.xlsx' a las 2025-04-01_14-24-48.
2025-04-01 14:24:55,621 - INFO - Iniciando la exportación de la tabla '_2_3_1_combinacion_corredor_utilizadas_horario' a las 2025-04-01_14-24-48...
2025-04-01 14:24:56,071 - INFO - Tabla '_2_3_1_combinacion_corredor_utilizadas_horario' exportada exitosamente a 'Z:\Analisis Urbantrips\Descarga\Hex_Procrear\Hex_Procrear - 2025-04-01_14-24-48\2 - Viajes Alternativos\a - Viajes del Corredor\b - Combinacion de viaje mas utilizada\_2_3_1_combinacion_corredor_utilizadas_horario.xlsx' a las 2025-04-01_14-24-48.
2025-04-01 14:24:56,071 - INFO - Iniciando la exportación de la tabla '_2_3_1_combinacion_corredor_utilizadas_ModoMultimodal' a las 2025-04-01_14-24-48...
2025-04-01 14:24:56,508 - INFO - Tabla '_2_3_1_combinacion_corredor_utilizadas_ModoMultimodal' exportada exitosamente a 'Z:\Analisis Urbantrips\Descarga\Hex_Procrear\Hex_Procrear - 2025-04-01_14-24-48\2 - Viajes Alternativos\a - Viajes del Corredor\b - Combinacion de viaje mas utilizada\_2_3_1_combinacion_corredor_utilizadas_ModoMultimodal.xlsx' a las 2025-04-01_14-24-48.
2025-04-01 14:24:56,508 - INFO - Iniciando la exportación de la tabla '_2_3_1_combinacion_corredor_utilizadas_ParOD_Horario' a las 2025-04-01_14-24-48...
2025-04-01 14:24:58,103 - INFO - Tabla '_2_3_1_combinacion_corredor_utilizadas_ParOD_Horario' exportada exitosamente a 'Z:\Analisis Urbantrips\Descarga\Hex_Procrear\Hex_Procrear - 2025-04-01_14-24-48\2 - Viajes Alternativos\a - Viajes del Corredor\b - Combinacion de viaje mas utilizada\_2_3_1_combinacion_corredor_utilizadas_ParOD_Horario.xlsx' a las 2025-04-01_14-24-48.
2025-04-01 14:24:58,104 - INFO - Iniciando la exportación de la tabla '_2_3_1_combinacion_corredor_utilizadas_ParOD_Modo' a las 2025-04-01_14-24-48...
2025-04-01 14:24:59,351 - INFO - Tabla '_2_3_1_combinacion_corredor_utilizadas_ParOD_Modo' exportada exitosamente a 'Z:\Analisis Urbantrips\Descarga\Hex_Procrear\Hex_Procrear - 2025-04-01_14-24-48\2 - Viajes Alternativos\a - Viajes del Corredor\b - Combinacion de viaje mas utilizada\_2_3_1_combinacion_corredor_utilizadas_ParOD_Modo.xlsx' a las 2025-04-01_14-24-48.
2025-04-01 14:24:59,352 - INFO - Iniciando la exportación de la tabla '_2_3_1_combinacion_corredor_utilizadas_ParOD_Modo_Distancia' a las 2025-04-01_14-24-48...
2025-04-01 14:25:00,625 - INFO - Tabla '_2_3_1_combinacion_corredor_utilizadas_ParOD_Modo_Distancia' exportada exitosamente a 'Z:\Analisis Urbantrips\Descarga\Hex_Procrear\Hex_Procrear - 2025-04-01_14-24-48\2 - Viajes Alternativos\a - Viajes del Corredor\b - Combinacion de viaje mas utilizada\_2_3_1_combinacion_corredor_utilizadas_ParOD_Modo_Distancia.xlsx' a las 2025-04-01_14-24-48.
2025-04-01 14:25:00,625 - INFO - Iniciando la exportación de la tabla '_2_3_1_combinacion_corredor_utilizadas_ParOD_Modo_Distancia_horario' a las 2025-04-01_14-24-48...
2025-04-01 14:25:39,922 - INFO - Tabla '_2_3_1_combinacion_corredor_utilizadas_ParOD_Modo_Distancia_horario' exportada exitosamente a 'Z:\Analisis Urbantrips\Descarga\Hex_Procrear\Hex_Procrear - 2025-04-01_14-24-48\2 - Viajes Alternativos\a - Viajes del Corredor\b - Combinacion de viaje mas utilizada\_2_3_1_combinacion_corredor_utilizadas_ParOD_Modo_Distancia_horario.xlsx' a las 2025-04-01_14-24-48.
2025-04-01 14:25:39,922 - INFO - Iniciando la exportación de la tabla '_2_3_agrupado_corredor_distancia' a las 2025-04-01_14-24-48...
2025-04-01 14:25:55,190 - INFO - Tabla '_2_3_agrupado_corredor_distancia' exportada exitosamente a 'Z:\Analisis Urbantrips\Descarga\Hex_Procrear\Hex_Procrear - 2025-04-01_14-24-48\2 - Viajes Alternativos\a - Viajes del Corredor\_2_3_agrupado_corredor_distancia.xlsx' a las 2025-04-01_14-24-48.
2025-04-01 14:25:55,190 - INFO - Iniciando la exportación de la tabla '_2_3_agrupado_corredor_hora' a las 2025-04-01_14-24-48...
2025-04-01 14:25:55,391 - INFO - Tabla '_2_3_agrupado_corredor_hora' exportada exitosamente a 'Z:\Analisis Urbantrips\Descarga\Hex_Procrear\Hex_Procrear - 2025-04-01_14-24-48\2 - Viajes Alternativos\a - Viajes del Corredor\_2_3_agrupado_corredor_hora.xlsx' a las 2025-04-01_14-24-48.
2025-04-01 14:25:55,391 - INFO - Iniciando la exportación de la tabla '_2_3_agrupado_corredor_ParOD' a las 2025-04-01_14-24-48...
2025-04-01 14:25:56,247 - INFO - Tabla '_2_3_agrupado_corredor_ParOD' exportada exitosamente a 'Z:\Analisis Urbantrips\Descarga\Hex_Procrear\Hex_Procrear - 2025-04-01_14-24-48\2 - Viajes Alternativos\a - Viajes del Corredor\_2_3_agrupado_corredor_ParOD.xlsx' a las 2025-04-01_14-24-48.
2025-04-01 14:25:56,247 - INFO - Iniciando la exportación de la tabla '_2_3_agrupado_corredor_ParOD_horario' a las 2025-04-01_14-24-48...
2025-04-01 14:25:57,361 - INFO - Tabla '_2_3_agrupado_corredor_ParOD_horario' exportada exitosamente a 'Z:\Analisis Urbantrips\Descarga\Hex_Procrear\Hex_Procrear - 2025-04-01_14-24-48\2 - Viajes Alternativos\a - Viajes del Corredor\_2_3_agrupado_corredor_ParOD_horario.xlsx' a las 2025-04-01_14-24-48.
2025-04-01 14:25:57,361 - INFO - Iniciando la exportación de la tabla '_2_3_agrupado_corredor_Pico_Horario' a las 2025-04-01_14-24-48...
2025-04-01 14:25:57,583 - INFO - Tabla '_2_3_agrupado_corredor_Pico_Horario' exportada exitosamente a 'Z:\Analisis Urbantrips\Descarga\Hex_Procrear\Hex_Procrear - 2025-04-01_14-24-48\2 - Viajes Alternativos\a - Viajes del Corredor\_2_3_agrupado_corredor_Pico_Horario.xlsx' a las 2025-04-01_14-24-48.
2025-04-01 14:25:57,583 - INFO - Iniciando la exportación de la tabla '_2_3_distribucion_corredor_distancia_ModoMultiModal_Combinacion_distancia_horario' a las 2025-04-01_14-24-48...
2025-04-01 14:25:57,897 - INFO - Tabla '_2_3_distribucion_corredor_distancia_ModoMultiModal_Combinacion_distancia_horario' exportada exitosamente a 'Z:\Analisis Urbantrips\Descarga\Hex_Procrear\Hex_Procrear - 2025-04-01_14-24-48\2 - Viajes Alternativos\a - Viajes del Corredor\_2_3_distribucion_corredor_distancia_ModoMultiModal_Combinacion_distancia_horario.xlsx' a las 2025-04-01_14-24-48.
2025-04-01 14:25:57,897 - INFO - Iniciando la exportación de la tabla '_2_3_distribucion_corredor_distancia_ModoMultiModal_Combinacion_horario' a las 2025-04-01_14-24-48...
2025-04-01 14:25:58,108 - INFO - Tabla '_2_3_distribucion_corredor_distancia_ModoMultiModal_Combinacion_horario' exportada exitosamente a 'Z:\Analisis Urbantrips\Descarga\Hex_Procrear\Hex_Procrear - 2025-04-01_14-24-48\2 - Viajes Alternativos\a - Viajes del Corredor\_2_3_distribucion_corredor_distancia_ModoMultiModal_Combinacion_horario.xlsx' a las 2025-04-01_14-24-48.
2025-04-01 14:25:58,118 - INFO - Iniciando la exportación de la tabla '_2_3_distribucion_corredor_distancia_MultiModal' a las 2025-04-01_14-24-48...
2025-04-01 14:25:58,300 - INFO - Tabla '_2_3_distribucion_corredor_distancia_MultiModal' exportada exitosamente a 'Z:\Analisis Urbantrips\Descarga\Hex_Procrear\Hex_Procrear - 2025-04-01_14-24-48\2 - Viajes Alternativos\a - Viajes del Corredor\_2_3_distribucion_corredor_distancia_MultiModal.xlsx' a las 2025-04-01_14-24-48.
2025-04-01 14:25:58,300 - INFO - Iniciando la exportación de la tabla '_2_3_distribucion_corredor_horario_distancia' a las 2025-04-01_14-24-48...
2025-04-01 14:25:58,582 - INFO - Tabla '_2_3_distribucion_corredor_horario_distancia' exportada exitosamente a 'Z:\Analisis Urbantrips\Descarga\Hex_Procrear\Hex_Procrear - 2025-04-01_14-24-48\2 - Viajes Alternativos\a - Viajes del Corredor\_2_3_distribucion_corredor_horario_distancia.xlsx' a las 2025-04-01_14-24-48.
2025-04-01 14:25:58,582 - INFO - Iniciando la exportación de la tabla '_2_3_distribucion_corredor_horario_ModoCombinacion' a las 2025-04-01_14-24-48...
2025-04-01 14:25:58,845 - INFO - Tabla '_2_3_distribucion_corredor_horario_ModoCombinacion' exportada exitosamente a 'Z:\Analisis Urbantrips\Descarga\Hex_Procrear\Hex_Procrear - 2025-04-01_14-24-48\2 - Viajes Alternativos\a - Viajes del Corredor\_2_3_distribucion_corredor_horario_ModoCombinacion.xlsx' a las 2025-04-01_14-24-48.
2025-04-01 14:25:58,845 - INFO - Iniciando la exportación de la tabla '_2_3_distribucion_corredor_MultiModal_ModoCombinacion' a las 2025-04-01_14-24-48...
2025-04-01 14:25:59,336 - INFO - Tabla '_2_3_distribucion_corredor_MultiModal_ModoCombinacion' exportada exitosamente a 'Z:\Analisis Urbantrips\Descarga\Hex_Procrear\Hex_Procrear - 2025-04-01_14-24-48\2 - Viajes Alternativos\a - Viajes del Corredor\_2_3_distribucion_corredor_MultiModal_ModoCombinacion.xlsx' a las 2025-04-01_14-24-48.
2025-04-01 14:25:59,337 - INFO - Iniciando la exportación de la tabla '_2_base_combinaciones_por_linea_porParOD' a las 2025-04-01_14-24-48...
2025-04-01 14:26:00,151 - INFO - Tabla '_2_base_combinaciones_por_linea_porParOD' exportada exitosamente a 'Z:\Analisis Urbantrips\Descarga\Hex_Procrear\Hex_Procrear - 2025-04-01_14-24-48\_2_base_combinaciones_por_linea_porParOD.xlsx' a las 2025-04-01_14-24-48.
2025-04-01 14:26:00,151 - INFO - Iniciando la exportación de la tabla '_2_base_etapas_por_linea_por_ParOD' a las 2025-04-01_14-24-48...
2025-04-01 14:26:01,246 - INFO - Tabla '_2_base_etapas_por_linea_por_ParOD' exportada exitosamente a 'Z:\Analisis Urbantrips\Descarga\Hex_Procrear\Hex_Procrear - 2025-04-01_14-24-48\_2_base_etapas_por_linea_por_ParOD.xlsx' a las 2025-04-01_14-24-48.
2025-04-01 14:26:02,929 - INFO - HTTP Request: POST https://api.telegram.org/bot7806021838:AAGLwfGfiPp_Sl39kg-R-LbAKiLTMN8Z-jg/sendMessage "HTTP/1.1 200 OK"
2025-04-01 14:26:02,929 - INFO - Proceso de exportación completado para el esquema 'Hex_Procrear.dbo' a la hora 2025-04-01_14-24-48.
